<html>
<head>
<title>TestNG:  TZP-Stammdaten-GN</title>
<link href="../testng.css" rel="stylesheet" type="text/css" />
<link href="../my-testng.css" rel="stylesheet" type="text/css" />

<style type="text/css">
.log { display: none;} 
.stack-trace { display: none;} 
</style>
<script type="text/javascript">
<!--
function flip(e) {
  current = e.style.display;
  if (current == 'block') {
    e.style.display = 'none';
    return 0;
  }
  else {
    e.style.display = 'block';
    return 1;
  }
}

function toggleBox(szDivId, elem, msg1, msg2)
{
  var res = -1;  if (document.getElementById) {
    res = flip(document.getElementById(szDivId));
  }
  else if (document.all) {
    // this is the way old msie versions work
    res = flip(document.all[szDivId]);
  }
  if(elem) {
    if(res == 0) elem.innerHTML = msg1; else elem.innerHTML = msg2;
  }

}

function toggleAllBoxes() {
  if (document.getElementsByTagName) {
    d = document.getElementsByTagName('div');
    for (i = 0; i < d.length; i++) {
      if (d[i].className == 'log') {
        flip(d[i]);
      }
    }
  }
}

// -->
</script>

</head>
<body>
<h2 align='center'>TZP-Stammdaten-GN</h2><table border='1' align="center">
<tr>
<td>Tests passed/Failed/Skipped:</td><td>3/1/0</td>
</tr><tr>
<td>Started on:</td><td>Wed Jun 09 10:31:42 CEST 2021</td>
</tr>
<tr><td>Total time:</td><td>324 seconds (324145 ms)</td>
</tr><tr>
<td>Included groups:</td><td></td>
</tr><tr>
<td>Excluded groups:</td><td></td>
</tr>
</table><p/>
<small><i>(Hover the method name to see the test class name)</i></small><p/>
<table width='100%' border='1' class='invocation-failed'>
<tr><td colspan='4' align='center'><b>FAILED TESTS</b></td></tr>
<tr><td><b>Test method</b></td>
<td width="30%"><b>Exception</b></td>
<td width="10%"><b>Time (seconds)</b></td>
<td><b>Instance</b></td>
</tr>
<tr>
<td title='TopZinsPortal.TZPStammGN.TZPStammGNTest()'><b>TZPStammGNTest</b><br>Test class: TopZinsPortal.TZPStammGN<br>Parameters: TZStammGN-TF-010, Ja, Centner.GN.Handel@gmail.com, Test12345!, Centner-GN-Handel -BHDR-, 54930084UKLVMY22DS16, Deutschland, www.forsa-Centener.de, Centner.GN.Handel@gmail.com, Am Groﬂen Garten, 389, 12345, Frankfurt, Adresszusatz, Ing Diba, INGDDEFFXXX, DE02500105170137075030 , Centner-GN-Handel, Herr, Andre, 0611-451458, Dr., Centner Handel, Centner.GN.Handel@gmail.com, Private Banken, 300000, 30000, 3000000000, ICV, AAA, S&P, AAA, Dieses Feld ist prefilled und ist nicht editierbar, 23.08.1968</td>
<td><div><pre>java.lang.AssertionError: The following asserts failed:
	Gemeldeter Fehler: org.openqa.selenium.NoSuchElementException: no such element: Unable to locate element: {&quot;method&quot;:&quot;xpath&quot;,&quot;selector&quot;:&quot;//button[contains(@data-test, &apos;logout-dsgvo-button&apos;)]&quot;}
  (Session info: chrome=91.0.4472.77)
For documentation on this error, please visit: https://www.seleniumhq.org/exceptions/no_such_element.html
Build info: version: &apos;3.141.59&apos;, revision: &apos;e82be7d358&apos;, time: &apos;2018-11-14T08:17:03&apos;
System info: host: &apos;FORSA-VM31&apos;, ip: &apos;10.52.76.82&apos;, os.name: &apos;Windows 10&apos;, os.arch: &apos;amd64&apos;, os.version: &apos;10.0&apos;, java.version: &apos;15&apos;
Driver info: org.openqa.selenium.chrome.ChromeDriver
Capabilities {acceptInsecureCerts: false, browserName: chrome, browserVersion: 91.0.4472.77, chrome: {chromedriverVersion: 91.0.4472.19 (1bf021f248676..., userDataDir: C:\Users\B22E7~1.DIK\AppDat...}, goog:chromeOptions: {debuggerAddress: localhost:63221}, javascriptEnabled: true, networkConnectionEnabled: false, pageLoadStrategy: normal, platform: WINDOWS, platformName: WINDOWS, proxy: Proxy(), setWindowRect: true, strictFileInteractability: false, timeouts: {implicit: 0, pageLoad: 300000, script: 30000}, unhandledPromptBehavior: dismiss and notify, webauthn:extension:largeBlob: true, webauthn:virtualAuthenticators: true}
Session ID: eeae85bef1d64ffbbadc958456e7f9a1
*** Element info: {Using=xpath, value=//button[contains(@data-test, &apos;logout-dsgvo-button&apos;)]} expected [true] but found [false]
	at Utils.SeleniumUtils.ButtonKlick(SeleniumUtils.java:481)
	at TopZinsPortal.TZPStammGN.TZPStammGNTest(TZPStammGN.java:120)
	at java.base/java.util.ArrayList.forEach(ArrayList.java:1511)
... Removed 29 stack frames</pre></div><a href='#' onClick='toggleBox("stack-trace1336194431", this, "Click to show all stack frames", "Click to hide stack frames")'>Click to show all stack frames</a>
<div class='stack-trace' id='stack-trace1336194431'><pre>java.lang.AssertionError: The following asserts failed:
	Gemeldeter Fehler: org.openqa.selenium.NoSuchElementException: no such element: Unable to locate element: {&quot;method&quot;:&quot;xpath&quot;,&quot;selector&quot;:&quot;//button[contains(@data-test, &apos;logout-dsgvo-button&apos;)]&quot;}
  (Session info: chrome=91.0.4472.77)
For documentation on this error, please visit: https://www.seleniumhq.org/exceptions/no_such_element.html
Build info: version: &apos;3.141.59&apos;, revision: &apos;e82be7d358&apos;, time: &apos;2018-11-14T08:17:03&apos;
System info: host: &apos;FORSA-VM31&apos;, ip: &apos;10.52.76.82&apos;, os.name: &apos;Windows 10&apos;, os.arch: &apos;amd64&apos;, os.version: &apos;10.0&apos;, java.version: &apos;15&apos;
Driver info: org.openqa.selenium.chrome.ChromeDriver
Capabilities {acceptInsecureCerts: false, browserName: chrome, browserVersion: 91.0.4472.77, chrome: {chromedriverVersion: 91.0.4472.19 (1bf021f248676..., userDataDir: C:\Users\B22E7~1.DIK\AppDat...}, goog:chromeOptions: {debuggerAddress: localhost:63221}, javascriptEnabled: true, networkConnectionEnabled: false, pageLoadStrategy: normal, platform: WINDOWS, platformName: WINDOWS, proxy: Proxy(), setWindowRect: true, strictFileInteractability: false, timeouts: {implicit: 0, pageLoad: 300000, script: 30000}, unhandledPromptBehavior: dismiss and notify, webauthn:extension:largeBlob: true, webauthn:virtualAuthenticators: true}
Session ID: eeae85bef1d64ffbbadc958456e7f9a1
*** Element info: {Using=xpath, value=//button[contains(@data-test, &apos;logout-dsgvo-button&apos;)]} expected [true] but found [false]
	at org.testng.asserts.SoftAssert.assertAll(SoftAssert.java:47)
	at org.testng.asserts.SoftAssert.assertAll(SoftAssert.java:31)
	at Utils.SeleniumUtils.ButtonKlick(SeleniumUtils.java:481)
	at TopZinsPortal.TZPStammGN.TZPStammGNTest(TZPStammGN.java:120)
	at java.base/jdk.internal.reflect.NativeMethodAccessorImpl.invoke0(Native Method)
	at java.base/jdk.internal.reflect.NativeMethodAccessorImpl.invoke(NativeMethodAccessorImpl.java:64)
	at java.base/jdk.internal.reflect.DelegatingMethodAccessorImpl.invoke(DelegatingMethodAccessorImpl.java:43)
	at java.base/java.lang.reflect.Method.invoke(Method.java:564)
	at org.testng.internal.MethodInvocationHelper.invokeMethod(MethodInvocationHelper.java:132)
	at org.testng.internal.TestInvoker.invokeMethod(TestInvoker.java:599)
	at org.testng.internal.TestInvoker.invokeTestMethod(TestInvoker.java:174)
	at org.testng.internal.MethodRunner.runInSequence(MethodRunner.java:46)
	at org.testng.internal.TestInvoker$MethodInvocationAgent.invoke(TestInvoker.java:822)
	at org.testng.internal.TestInvoker.invokeTestMethods(TestInvoker.java:147)
	at org.testng.internal.TestMethodWorker.invokeTestMethods(TestMethodWorker.java:146)
	at org.testng.internal.TestMethodWorker.run(TestMethodWorker.java:128)
	at java.base/java.util.ArrayList.forEach(ArrayList.java:1511)
	at org.testng.TestRunner.privateRun(TestRunner.java:764)
	at org.testng.TestRunner.run(TestRunner.java:585)
	at org.testng.SuiteRunner.runTest(SuiteRunner.java:384)
	at org.testng.SuiteRunner.runSequentially(SuiteRunner.java:378)
	at org.testng.SuiteRunner.privateRun(SuiteRunner.java:337)
	at org.testng.SuiteRunner.run(SuiteRunner.java:286)
	at org.testng.SuiteRunnerWorker.runSuite(SuiteRunnerWorker.java:53)
	at org.testng.SuiteRunnerWorker.run(SuiteRunnerWorker.java:96)
	at org.testng.TestNG.runSuitesSequentially(TestNG.java:1218)
	at org.testng.TestNG.runSuitesLocally(TestNG.java:1140)
	at org.testng.TestNG.runSuites(TestNG.java:1069)
	at org.testng.TestNG.run(TestNG.java:1037)
	at org.testng.remote.AbstractRemoteTestNG.run(AbstractRemoteTestNG.java:115)
	at org.testng.remote.RemoteTestNG.initAndRun(RemoteTestNG.java:251)
	at org.testng.remote.RemoteTestNG.main(RemoteTestNG.java:77)
</pre></div></td>
<td>16</td>
<td>TopZinsPortal.TZPStammGN@48f2bd5b</td></tr>
</table><p>
<table width='100%' border='1' class='invocation-passed'>
<tr><td colspan='4' align='center'><b>PASSED TESTS</b></td></tr>
<tr><td><b>Test method</b></td>
<td width="30%"><b>Exception</b></td>
<td width="10%"><b>Time (seconds)</b></td>
<td><b>Instance</b></td>
</tr>
<tr>
<td title='TopZinsPortal.TZPStammGN.TZPStammGNTest()'><b>TZPStammGNTest</b><br>Test class: TopZinsPortal.TZPStammGN<br>Parameters: TZStammGN-TF-005, Ja, BHDR.GN.DatenKomplett@gmail.com, Test12345!, BHDR-GN-DatenKomplett, 54930084UKLVMY22DS16, Deutschland, www.online-DatenKomplett.de, BHDR.GN.DatenKomplett@gmail.com, Am Groﬂen Garten, 22-27, 65207, Kˆln, Adresszusatz, Ing Diba, INGDDEFFXXX, DE02500105170137075030 , BHDR-GN-DatenKomplett, Herr, Bahadir, 0611-451458, Dr., Dikmen-GN-Komplett, BHDR.GN.DatenKomplett@gmail.com, Private Banken, 200000, 20000, 2000000000, Fitch, AAA, S&P, AAA, Dieses Feld ist prefilled und ist nicht editierbar, 23.08.1968</td>
<td></td>
<td>101</td>
<td>TopZinsPortal.TZPStammGN@48f2bd5b</td></tr>
<tr>
<td title='TopZinsPortal.TZPStammGN.TZPStammGNTest()'><b>TZPStammGNTest</b><br>Test class: TopZinsPortal.TZPStammGN<br>Parameters: TZStammGN-TF-006, Ja, BHDR.GN.Handel@gmail.com, Test12345!, BHDR-GN-Handel, 54930084UKLVMY22DS16, Deutschland, www.forsa-Handel.de, BHDR.GN.Handel@gmail.com, Am Groﬂen Garten, 389, 12345, Frankfurt, Adresszusatz, Ing Diba, INGDDEFFXXX, DE02500105170137075030 , BHDR-GN-Handel, Herr, Bahadir, 0611-451458, Dr., Dikmen-GN-Handel, BHDR.GN.Handel@gmail.com, Private Banken, 300000, 30000, 3000000000, ICV, AAA, S&P, AAA, Dieses Feld ist prefilled und ist nicht editierbar, 23.08.1968</td>
<td></td>
<td>101</td>
<td>TopZinsPortal.TZPStammGN@48f2bd5b</td></tr>
<tr>
<td title='TopZinsPortal.TZPStammGN.TZPStammGNTest()'><b>TZPStammGNTest</b><br>Test class: TopZinsPortal.TZPStammGN<br>Parameters: TZStammGN-TF-008, Ja, Burk.GN.Handel@gmail.com, Test12345!, Burk-GN-Handel -BHDR-, 54930084UKLVMY22DS16, Deutschland, www.forsa-Burk.de, Burk.GN.Handel@gmail.com, Am Groﬂen Garten, 389, 12345, Frankfurt, Adresszusatz, Ing Diba, INGDDEFFXXX, DE02500105170137075030 , Burk-GN-Handel, Herr, Burkhard, 0611-451458, Dr., Sturm Handel, Burk.GN.Handel@gmail.com, Private Banken, 300000, 30000, 3000000000, ICV, AAA, S&P, AAA, Dieses Feld ist prefilled und ist nicht editierbar, 01.01.1990</td>
<td></td>
<td>101</td>
<td>TopZinsPortal.TZPStammGN@48f2bd5b</td></tr>
</table><p>
</body>
</html>