<?xml version="1.0" encoding="UTF-8"?>
<!-- Generated by org.testng.reporters.JUnitXMLReporter -->
<testsuite ignored="0" hostname="forsa-vm31" failures="7" tests="11" name="TZP-Kontrolle E-Mails-GG" time="73.635" errors="0" timestamp="2021-05-04T18:12:10 CEST">
  <testcase classname="TopZinsPortal.TZPCheckEMailsGG" name="TZPCheckEmailGGTest" time="7.479">
    <failure type="java.lang.AssertionError" message="The following asserts failed:
	expected [true] but found [false]">
      <![CDATA[java.lang.AssertionError: The following asserts failed:
expected [true] but found [false]
at TopZinsPortal.TZPCheckEMailsGG.TZPCheckEmailGGTest(TZPCheckEMailsGG.java:127)
at java.base/java.util.ArrayList.forEach(ArrayList.java:1511)
... Removed 29 stack frames]]>
    </failure>
  </testcase> <!-- TZPCheckEmailGGTest -->
  <testcase classname="TopZinsPortal.TZPCheckEMailsGG" name="TZPCheckEmailGGTest" time="8.985">
    <failure type="java.lang.AssertionError" message="The following asserts failed:
	expected [true] but found [false]">
      <![CDATA[java.lang.AssertionError: The following asserts failed:
expected [true] but found [false]
at TopZinsPortal.TZPCheckEMailsGG.TZPCheckEmailGGTest(TZPCheckEMailsGG.java:127)
at java.base/java.util.ArrayList.forEach(ArrayList.java:1511)
... Removed 29 stack frames]]>
    </failure>
  </testcase> <!-- TZPCheckEmailGGTest -->
  <testcase classname="TopZinsPortal.TZPCheckEMailsGG" name="TZPCheckEmailGGTest" time="4.501"/>
  <testcase classname="TopZinsPortal.TZPCheckEMailsGG" name="TZPCheckEmailGGTest" time="10.376">
    <failure type="java.lang.AssertionError" message="The following asserts failed:
	expected [true] but found [false]">
      <![CDATA[java.lang.AssertionError: The following asserts failed:
expected [true] but found [false]
at TopZinsPortal.TZPCheckEMailsGG.TZPCheckEmailGGTest(TZPCheckEMailsGG.java:127)
at java.base/java.util.ArrayList.forEach(ArrayList.java:1511)
... Removed 29 stack frames]]>
    </failure>
  </testcase> <!-- TZPCheckEmailGGTest -->
  <testcase classname="TopZinsPortal.TZPCheckEMailsGG" name="TZPCheckEmailGGTest" time="4.512"/>
  <testcase classname="TopZinsPortal.TZPCheckEMailsGG" name="TZPCheckEmailGGTest" time="4.505"/>
  <testcase classname="TopZinsPortal.TZPCheckEMailsGG" name="TZPCheckEmailGGTest" time="4.516"/>
  <testcase classname="TopZinsPortal.TZPCheckEMailsGG" name="TZPCheckEmailGGTest" time="9.374">
    <failure type="java.lang.AssertionError" message="The following asserts failed:
	expected [true] but found [false]">
      <![CDATA[java.lang.AssertionError: The following asserts failed:
expected [true] but found [false]
at TopZinsPortal.TZPCheckEMailsGG.TZPCheckEmailGGTest(TZPCheckEMailsGG.java:127)
at java.base/java.util.ArrayList.forEach(ArrayList.java:1511)
... Removed 29 stack frames]]>
    </failure>
  </testcase> <!-- TZPCheckEmailGGTest -->
  <testcase classname="TopZinsPortal.TZPCheckEMailsGG" name="TZPCheckEmailGGTest" time="4.511">
    <failure type="java.lang.AssertionError" message="The following asserts failed:
	expected [true] but found [false]">
      <![CDATA[java.lang.AssertionError: The following asserts failed:
expected [true] but found [false]
at TopZinsPortal.TZPCheckEMailsGG.TZPCheckEmailGGTest(TZPCheckEMailsGG.java:127)
at java.base/java.util.ArrayList.forEach(ArrayList.java:1511)
... Removed 29 stack frames]]>
    </failure>
  </testcase> <!-- TZPCheckEmailGGTest -->
  <testcase classname="TopZinsPortal.TZPCheckEMailsGG" name="TZPCheckEmailGGTest" time="6.699">
    <failure type="java.lang.AssertionError" message="The following asserts failed:
	expected [true] but found [false]">
      <![CDATA[java.lang.AssertionError: The following asserts failed:
expected [true] but found [false]
at TopZinsPortal.TZPCheckEMailsGG.TZPCheckEmailGGTest(TZPCheckEMailsGG.java:127)
at java.base/java.util.ArrayList.forEach(ArrayList.java:1511)
... Removed 29 stack frames]]>
    </failure>
  </testcase> <!-- TZPCheckEmailGGTest -->
  <testcase classname="TopZinsPortal.TZPCheckEMailsGG" name="TZPCheckEmailGGTest" time="4.502">
    <failure type="java.lang.AssertionError" message="The following asserts failed:
	expected [true] but found [false]">
      <![CDATA[java.lang.AssertionError: The following asserts failed:
expected [true] but found [false]
at TopZinsPortal.TZPCheckEMailsGG.TZPCheckEmailGGTest(TZPCheckEMailsGG.java:127)
at java.base/java.util.ArrayList.forEach(ArrayList.java:1511)
... Removed 29 stack frames]]>
    </failure>
  </testcase> <!-- TZPCheckEmailGGTest -->
</testsuite> <!-- TZP-Kontrolle E-Mails-GG -->
