<?xml version="1.0" encoding="UTF-8"?>
<!-- Generated by org.testng.reporters.JUnitXMLReporter -->
<testsuite ignored="0" hostname="forsa-vm31" failures="12" tests="12" name="TZP-Lesen E-Mails-GG" time="58.878" errors="0" timestamp="2021-08-04T17:28:14 CEST">
  <testcase classname="TopZinsPortal.TZPCheckEMailsGG" name="TZPCheckEMailsGGTest" time="5.685">
    <failure type="java.lang.AssertionError" message="The following asserts failed:
	expected [true] but found [false]">
      <![CDATA[java.lang.AssertionError: The following asserts failed:
expected [true] but found [false]
at TopZinsPortal.TZPCheckEMailsGG.TZPCheckEMailsGGTest(TZPCheckEMailsGG.java:121)
at java.base/java.util.ArrayList.forEach(ArrayList.java:1511)
... Removed 29 stack frames]]>
    </failure>
  </testcase> <!-- TZPCheckEMailsGGTest -->
  <testcase classname="TopZinsPortal.TZPCheckEMailsGG" name="TZPCheckEMailsGGTest" time="5.475">
    <failure type="java.lang.AssertionError" message="The following asserts failed:
	expected [true] but found [false]">
      <![CDATA[java.lang.AssertionError: The following asserts failed:
expected [true] but found [false]
at TopZinsPortal.TZPCheckEMailsGG.TZPCheckEMailsGGTest(TZPCheckEMailsGG.java:121)
at java.base/java.util.ArrayList.forEach(ArrayList.java:1511)
... Removed 29 stack frames]]>
    </failure>
  </testcase> <!-- TZPCheckEMailsGGTest -->
  <testcase classname="TopZinsPortal.TZPCheckEMailsGG" name="TZPCheckEMailsGGTest" time="4.508">
    <failure type="java.lang.AssertionError" message="The following asserts failed:
	expected [true] but found [false]">
      <![CDATA[java.lang.AssertionError: The following asserts failed:
expected [true] but found [false]
at TopZinsPortal.TZPCheckEMailsGG.TZPCheckEMailsGGTest(TZPCheckEMailsGG.java:127)
at java.base/java.util.ArrayList.forEach(ArrayList.java:1511)
... Removed 29 stack frames]]>
    </failure>
  </testcase> <!-- TZPCheckEMailsGGTest -->
  <testcase classname="TopZinsPortal.TZPCheckEMailsGG" name="TZPCheckEMailsGGTest" time="4.807">
    <failure type="java.lang.AssertionError" message="The following asserts failed:
	expected [true] but found [false]">
      <![CDATA[java.lang.AssertionError: The following asserts failed:
expected [true] but found [false]
at TopZinsPortal.TZPCheckEMailsGG.TZPCheckEMailsGGTest(TZPCheckEMailsGG.java:121)
at java.base/java.util.ArrayList.forEach(ArrayList.java:1511)
... Removed 29 stack frames]]>
    </failure>
  </testcase> <!-- TZPCheckEMailsGGTest -->
  <testcase classname="TopZinsPortal.TZPCheckEMailsGG" name="TZPCheckEMailsGGTest" time="4.512">
    <failure type="java.lang.AssertionError" message="The following asserts failed:
	expected [true] but found [false]">
      <![CDATA[java.lang.AssertionError: The following asserts failed:
expected [true] but found [false]
at TopZinsPortal.TZPCheckEMailsGG.TZPCheckEMailsGGTest(TZPCheckEMailsGG.java:127)
at java.base/java.util.ArrayList.forEach(ArrayList.java:1511)
... Removed 29 stack frames]]>
    </failure>
  </testcase> <!-- TZPCheckEMailsGGTest -->
  <testcase classname="TopZinsPortal.TZPCheckEMailsGG" name="TZPCheckEMailsGGTest" time="4.509">
    <failure type="java.lang.AssertionError" message="The following asserts failed:
	expected [true] but found [false]">
      <![CDATA[java.lang.AssertionError: The following asserts failed:
expected [true] but found [false]
at TopZinsPortal.TZPCheckEMailsGG.TZPCheckEMailsGGTest(TZPCheckEMailsGG.java:127)
at java.base/java.util.ArrayList.forEach(ArrayList.java:1511)
... Removed 29 stack frames]]>
    </failure>
  </testcase> <!-- TZPCheckEMailsGGTest -->
  <testcase classname="TopZinsPortal.TZPCheckEMailsGG" name="TZPCheckEMailsGGTest" time="4.505">
    <failure type="java.lang.AssertionError" message="The following asserts failed:
	expected [true] but found [false]">
      <![CDATA[java.lang.AssertionError: The following asserts failed:
expected [true] but found [false]
at TopZinsPortal.TZPCheckEMailsGG.TZPCheckEMailsGGTest(TZPCheckEMailsGG.java:127)
at java.base/java.util.ArrayList.forEach(ArrayList.java:1511)
... Removed 29 stack frames]]>
    </failure>
  </testcase> <!-- TZPCheckEMailsGGTest -->
  <testcase classname="TopZinsPortal.TZPCheckEMailsGG" name="TZPCheckEMailsGGTest" time="4.506">
    <failure type="java.lang.AssertionError" message="The following asserts failed:
	expected [true] but found [false]">
      <![CDATA[java.lang.AssertionError: The following asserts failed:
expected [true] but found [false]
at TopZinsPortal.TZPCheckEMailsGG.TZPCheckEMailsGGTest(TZPCheckEMailsGG.java:127)
at java.base/java.util.ArrayList.forEach(ArrayList.java:1511)
... Removed 29 stack frames]]>
    </failure>
  </testcase> <!-- TZPCheckEMailsGGTest -->
  <testcase classname="TopZinsPortal.TZPCheckEMailsGG" name="TZPCheckEMailsGGTest" time="5.089">
    <failure type="java.lang.AssertionError" message="The following asserts failed:
	expected [true] but found [false]">
      <![CDATA[java.lang.AssertionError: The following asserts failed:
expected [true] but found [false]
at TopZinsPortal.TZPCheckEMailsGG.TZPCheckEMailsGGTest(TZPCheckEMailsGG.java:121)
at java.base/java.util.ArrayList.forEach(ArrayList.java:1511)
... Removed 29 stack frames]]>
    </failure>
  </testcase> <!-- TZPCheckEMailsGGTest -->
  <testcase classname="TopZinsPortal.TZPCheckEMailsGG" name="TZPCheckEMailsGGTest" time="4.516">
    <failure type="java.lang.AssertionError" message="The following asserts failed:
	expected [true] but found [false]">
      <![CDATA[java.lang.AssertionError: The following asserts failed:
expected [true] but found [false]
at TopZinsPortal.TZPCheckEMailsGG.TZPCheckEMailsGGTest(TZPCheckEMailsGG.java:127)
at java.base/java.util.ArrayList.forEach(ArrayList.java:1511)
... Removed 29 stack frames]]>
    </failure>
  </testcase> <!-- TZPCheckEMailsGGTest -->
  <testcase classname="TopZinsPortal.TZPCheckEMailsGG" name="TZPCheckEMailsGGTest" time="4.983">
    <failure type="java.lang.AssertionError" message="The following asserts failed:
	expected [true] but found [false]">
      <![CDATA[java.lang.AssertionError: The following asserts failed:
expected [true] but found [false]
at TopZinsPortal.TZPCheckEMailsGG.TZPCheckEMailsGGTest(TZPCheckEMailsGG.java:121)
at java.base/java.util.ArrayList.forEach(ArrayList.java:1511)
... Removed 29 stack frames]]>
    </failure>
  </testcase> <!-- TZPCheckEMailsGGTest -->
  <testcase classname="TopZinsPortal.TZPCheckEMailsGG" name="TZPCheckEMailsGGTest" time="4.502">
    <failure type="java.lang.AssertionError" message="The following asserts failed:
	expected [true] but found [false]">
      <![CDATA[java.lang.AssertionError: The following asserts failed:
expected [true] but found [false]
at TopZinsPortal.TZPCheckEMailsGG.TZPCheckEMailsGGTest(TZPCheckEMailsGG.java:127)
at java.base/java.util.ArrayList.forEach(ArrayList.java:1511)
... Removed 29 stack frames]]>
    </failure>
  </testcase> <!-- TZPCheckEMailsGGTest -->
</testsuite> <!-- TZP-Lesen E-Mails-GG -->
