<?xml version="1.0" encoding="UTF-8"?>
<!-- Generated by org.testng.reporters.JUnitXMLReporter -->
<testsuite ignored="0" hostname="forsa-vm31" failures="26" tests="26" name="TZP-Lesen E-Mails-GN" time="124.519" errors="0" timestamp="2021-08-04T17:30:19 CEST">
  <testcase classname="TopZinsPortal.TZPCheckEMailsGN" name="TZPCheckEMailsGNTest" time="4.795">
    <failure type="java.lang.AssertionError" message="The following asserts failed:
	expected [true] but found [false]">
      <![CDATA[java.lang.AssertionError: The following asserts failed:
expected [true] but found [false]
at TopZinsPortal.TZPCheckEMailsGN.TZPCheckEMailsGNTest(TZPCheckEMailsGN.java:119)
at java.base/java.util.ArrayList.forEach(ArrayList.java:1511)
... Removed 29 stack frames]]>
    </failure>
  </testcase> <!-- TZPCheckEMailsGNTest -->
  <testcase classname="TopZinsPortal.TZPCheckEMailsGN" name="TZPCheckEMailsGNTest" time="5.318">
    <failure type="java.lang.AssertionError" message="The following asserts failed:
	expected [true] but found [false]">
      <![CDATA[java.lang.AssertionError: The following asserts failed:
expected [true] but found [false]
at TopZinsPortal.TZPCheckEMailsGN.TZPCheckEMailsGNTest(TZPCheckEMailsGN.java:119)
at java.base/java.util.ArrayList.forEach(ArrayList.java:1511)
... Removed 29 stack frames]]>
    </failure>
  </testcase> <!-- TZPCheckEMailsGNTest -->
  <testcase classname="TopZinsPortal.TZPCheckEMailsGN" name="TZPCheckEMailsGNTest" time="4.509">
    <failure type="java.lang.AssertionError" message="The following asserts failed:
	expected [true] but found [false]">
      <![CDATA[java.lang.AssertionError: The following asserts failed:
expected [true] but found [false]
at TopZinsPortal.TZPCheckEMailsGN.TZPCheckEMailsGNTest(TZPCheckEMailsGN.java:125)
at java.base/java.util.ArrayList.forEach(ArrayList.java:1511)
... Removed 29 stack frames]]>
    </failure>
  </testcase> <!-- TZPCheckEMailsGNTest -->
  <testcase classname="TopZinsPortal.TZPCheckEMailsGN" name="TZPCheckEMailsGNTest" time="5.719">
    <failure type="java.lang.AssertionError" message="The following asserts failed:
	expected [true] but found [false]">
      <![CDATA[java.lang.AssertionError: The following asserts failed:
expected [true] but found [false]
at TopZinsPortal.TZPCheckEMailsGN.TZPCheckEMailsGNTest(TZPCheckEMailsGN.java:119)
at java.base/java.util.ArrayList.forEach(ArrayList.java:1511)
... Removed 29 stack frames]]>
    </failure>
  </testcase> <!-- TZPCheckEMailsGNTest -->
  <testcase classname="TopZinsPortal.TZPCheckEMailsGN" name="TZPCheckEMailsGNTest" time="4.502">
    <failure type="java.lang.AssertionError" message="The following asserts failed:
	expected [true] but found [false]">
      <![CDATA[java.lang.AssertionError: The following asserts failed:
expected [true] but found [false]
at TopZinsPortal.TZPCheckEMailsGN.TZPCheckEMailsGNTest(TZPCheckEMailsGN.java:125)
at java.base/java.util.ArrayList.forEach(ArrayList.java:1511)
... Removed 29 stack frames]]>
    </failure>
  </testcase> <!-- TZPCheckEMailsGNTest -->
  <testcase classname="TopZinsPortal.TZPCheckEMailsGN" name="TZPCheckEMailsGNTest" time="4.514">
    <failure type="java.lang.AssertionError" message="The following asserts failed:
	expected [true] but found [false]">
      <![CDATA[java.lang.AssertionError: The following asserts failed:
expected [true] but found [false]
at TopZinsPortal.TZPCheckEMailsGN.TZPCheckEMailsGNTest(TZPCheckEMailsGN.java:125)
at java.base/java.util.ArrayList.forEach(ArrayList.java:1511)
... Removed 29 stack frames]]>
    </failure>
  </testcase> <!-- TZPCheckEMailsGNTest -->
  <testcase classname="TopZinsPortal.TZPCheckEMailsGN" name="TZPCheckEMailsGNTest" time="4.516">
    <failure type="java.lang.AssertionError" message="The following asserts failed:
	expected [true] but found [false]">
      <![CDATA[java.lang.AssertionError: The following asserts failed:
expected [true] but found [false]
at TopZinsPortal.TZPCheckEMailsGN.TZPCheckEMailsGNTest(TZPCheckEMailsGN.java:125)
at java.base/java.util.ArrayList.forEach(ArrayList.java:1511)
... Removed 29 stack frames]]>
    </failure>
  </testcase> <!-- TZPCheckEMailsGNTest -->
  <testcase classname="TopZinsPortal.TZPCheckEMailsGN" name="TZPCheckEMailsGNTest" time="4.505">
    <failure type="java.lang.AssertionError" message="The following asserts failed:
	expected [true] but found [false]">
      <![CDATA[java.lang.AssertionError: The following asserts failed:
expected [true] but found [false]
at TopZinsPortal.TZPCheckEMailsGN.TZPCheckEMailsGNTest(TZPCheckEMailsGN.java:125)
at java.base/java.util.ArrayList.forEach(ArrayList.java:1511)
... Removed 29 stack frames]]>
    </failure>
  </testcase> <!-- TZPCheckEMailsGNTest -->
  <testcase classname="TopZinsPortal.TZPCheckEMailsGN" name="TZPCheckEMailsGNTest" time="4.51">
    <failure type="java.lang.AssertionError" message="The following asserts failed:
	expected [true] but found [false]">
      <![CDATA[java.lang.AssertionError: The following asserts failed:
expected [true] but found [false]
at TopZinsPortal.TZPCheckEMailsGN.TZPCheckEMailsGNTest(TZPCheckEMailsGN.java:125)
at java.base/java.util.ArrayList.forEach(ArrayList.java:1511)
... Removed 29 stack frames]]>
    </failure>
  </testcase> <!-- TZPCheckEMailsGNTest -->
  <testcase classname="TopZinsPortal.TZPCheckEMailsGN" name="TZPCheckEMailsGNTest" time="4.502">
    <failure type="java.lang.AssertionError" message="The following asserts failed:
	expected [true] but found [false]">
      <![CDATA[java.lang.AssertionError: The following asserts failed:
expected [true] but found [false]
at TopZinsPortal.TZPCheckEMailsGN.TZPCheckEMailsGNTest(TZPCheckEMailsGN.java:125)
at java.base/java.util.ArrayList.forEach(ArrayList.java:1511)
... Removed 29 stack frames]]>
    </failure>
  </testcase> <!-- TZPCheckEMailsGNTest -->
  <testcase classname="TopZinsPortal.TZPCheckEMailsGN" name="TZPCheckEMailsGNTest" time="6.257">
    <failure type="java.lang.AssertionError" message="The following asserts failed:
	expected [true] but found [false]">
      <![CDATA[java.lang.AssertionError: The following asserts failed:
expected [true] but found [false]
at TopZinsPortal.TZPCheckEMailsGN.TZPCheckEMailsGNTest(TZPCheckEMailsGN.java:119)
at java.base/java.util.ArrayList.forEach(ArrayList.java:1511)
... Removed 29 stack frames]]>
    </failure>
  </testcase> <!-- TZPCheckEMailsGNTest -->
  <testcase classname="TopZinsPortal.TZPCheckEMailsGN" name="TZPCheckEMailsGNTest" time="4.501">
    <failure type="java.lang.AssertionError" message="The following asserts failed:
	expected [true] but found [false]">
      <![CDATA[java.lang.AssertionError: The following asserts failed:
expected [true] but found [false]
at TopZinsPortal.TZPCheckEMailsGN.TZPCheckEMailsGNTest(TZPCheckEMailsGN.java:125)
at java.base/java.util.ArrayList.forEach(ArrayList.java:1511)
... Removed 29 stack frames]]>
    </failure>
  </testcase> <!-- TZPCheckEMailsGNTest -->
  <testcase classname="TopZinsPortal.TZPCheckEMailsGN" name="TZPCheckEMailsGNTest" time="4.833">
    <failure type="java.lang.AssertionError" message="The following asserts failed:
	expected [true] but found [false]">
      <![CDATA[java.lang.AssertionError: The following asserts failed:
expected [true] but found [false]
at TopZinsPortal.TZPCheckEMailsGN.TZPCheckEMailsGNTest(TZPCheckEMailsGN.java:119)
at java.base/java.util.ArrayList.forEach(ArrayList.java:1511)
... Removed 29 stack frames]]>
    </failure>
  </testcase> <!-- TZPCheckEMailsGNTest -->
  <testcase classname="TopZinsPortal.TZPCheckEMailsGN" name="TZPCheckEMailsGNTest" time="4.515">
    <failure type="java.lang.AssertionError" message="The following asserts failed:
	expected [true] but found [false]">
      <![CDATA[java.lang.AssertionError: The following asserts failed:
expected [true] but found [false]
at TopZinsPortal.TZPCheckEMailsGN.TZPCheckEMailsGNTest(TZPCheckEMailsGN.java:125)
at java.base/java.util.ArrayList.forEach(ArrayList.java:1511)
... Removed 29 stack frames]]>
    </failure>
  </testcase> <!-- TZPCheckEMailsGNTest -->
  <testcase classname="TopZinsPortal.TZPCheckEMailsGN" name="TZPCheckEMailsGNTest" time="5.339">
    <failure type="java.lang.AssertionError" message="The following asserts failed:
	expected [true] but found [false]">
      <![CDATA[java.lang.AssertionError: The following asserts failed:
expected [true] but found [false]
at TopZinsPortal.TZPCheckEMailsGN.TZPCheckEMailsGNTest(TZPCheckEMailsGN.java:119)
at java.base/java.util.ArrayList.forEach(ArrayList.java:1511)
... Removed 29 stack frames]]>
    </failure>
  </testcase> <!-- TZPCheckEMailsGNTest -->
  <testcase classname="TopZinsPortal.TZPCheckEMailsGN" name="TZPCheckEMailsGNTest" time="4.508">
    <failure type="java.lang.AssertionError" message="The following asserts failed:
	expected [true] but found [false]">
      <![CDATA[java.lang.AssertionError: The following asserts failed:
expected [true] but found [false]
at TopZinsPortal.TZPCheckEMailsGN.TZPCheckEMailsGNTest(TZPCheckEMailsGN.java:125)
at java.base/java.util.ArrayList.forEach(ArrayList.java:1511)
... Removed 29 stack frames]]>
    </failure>
  </testcase> <!-- TZPCheckEMailsGNTest -->
  <testcase classname="TopZinsPortal.TZPCheckEMailsGN" name="TZPCheckEMailsGNTest" time="4.511">
    <failure type="java.lang.AssertionError" message="The following asserts failed:
	expected [true] but found [false]">
      <![CDATA[java.lang.AssertionError: The following asserts failed:
expected [true] but found [false]
at TopZinsPortal.TZPCheckEMailsGN.TZPCheckEMailsGNTest(TZPCheckEMailsGN.java:125)
at java.base/java.util.ArrayList.forEach(ArrayList.java:1511)
... Removed 28 stack frames]]>
    </failure>
  </testcase> <!-- TZPCheckEMailsGNTest -->
  <testcase classname="TopZinsPortal.TZPCheckEMailsGN" name="TZPCheckEMailsGNTest" time="4.51">
    <failure type="java.lang.AssertionError" message="The following asserts failed:
	expected [true] but found [false]">
      <![CDATA[java.lang.AssertionError: The following asserts failed:
expected [true] but found [false]
at TopZinsPortal.TZPCheckEMailsGN.TZPCheckEMailsGNTest(TZPCheckEMailsGN.java:125)
at java.base/java.util.ArrayList.forEach(ArrayList.java:1511)
... Removed 28 stack frames]]>
    </failure>
  </testcase> <!-- TZPCheckEMailsGNTest -->
  <testcase classname="TopZinsPortal.TZPCheckEMailsGN" name="TZPCheckEMailsGNTest" time="4.513">
    <failure type="java.lang.AssertionError" message="The following asserts failed:
	expected [true] but found [false]">
      <![CDATA[java.lang.AssertionError: The following asserts failed:
expected [true] but found [false]
at TopZinsPortal.TZPCheckEMailsGN.TZPCheckEMailsGNTest(TZPCheckEMailsGN.java:125)
at java.base/java.util.ArrayList.forEach(ArrayList.java:1511)
... Removed 28 stack frames]]>
    </failure>
  </testcase> <!-- TZPCheckEMailsGNTest -->
  <testcase classname="TopZinsPortal.TZPCheckEMailsGN" name="TZPCheckEMailsGNTest" time="5.949">
    <failure type="java.lang.AssertionError" message="The following asserts failed:
	expected [true] but found [false]">
      <![CDATA[java.lang.AssertionError: The following asserts failed:
expected [true] but found [false]
at TopZinsPortal.TZPCheckEMailsGN.TZPCheckEMailsGNTest(TZPCheckEMailsGN.java:119)
at java.base/java.util.ArrayList.forEach(ArrayList.java:1511)
... Removed 28 stack frames]]>
    </failure>
  </testcase> <!-- TZPCheckEMailsGNTest -->
  <testcase classname="TopZinsPortal.TZPCheckEMailsGN" name="TZPCheckEMailsGNTest" time="4.51">
    <failure type="java.lang.AssertionError" message="The following asserts failed:
	expected [true] but found [false]">
      <![CDATA[java.lang.AssertionError: The following asserts failed:
expected [true] but found [false]
at TopZinsPortal.TZPCheckEMailsGN.TZPCheckEMailsGNTest(TZPCheckEMailsGN.java:125)
at java.base/java.util.ArrayList.forEach(ArrayList.java:1511)
... Removed 28 stack frames]]>
    </failure>
  </testcase> <!-- TZPCheckEMailsGNTest -->
  <testcase classname="TopZinsPortal.TZPCheckEMailsGN" name="TZPCheckEMailsGNTest" time="4.501">
    <failure type="java.lang.AssertionError" message="The following asserts failed:
	expected [true] but found [false]">
      <![CDATA[java.lang.AssertionError: The following asserts failed:
expected [true] but found [false]
at TopZinsPortal.TZPCheckEMailsGN.TZPCheckEMailsGNTest(TZPCheckEMailsGN.java:125)
at java.base/java.util.ArrayList.forEach(ArrayList.java:1511)
... Removed 28 stack frames]]>
    </failure>
  </testcase> <!-- TZPCheckEMailsGNTest -->
  <testcase classname="TopZinsPortal.TZPCheckEMailsGN" name="TZPCheckEMailsGNTest" time="4.501">
    <failure type="java.lang.AssertionError" message="The following asserts failed:
	expected [true] but found [false]">
      <![CDATA[java.lang.AssertionError: The following asserts failed:
expected [true] but found [false]
at TopZinsPortal.TZPCheckEMailsGN.TZPCheckEMailsGNTest(TZPCheckEMailsGN.java:125)
at java.base/java.util.ArrayList.forEach(ArrayList.java:1511)
... Removed 28 stack frames]]>
    </failure>
  </testcase> <!-- TZPCheckEMailsGNTest -->
  <testcase classname="TopZinsPortal.TZPCheckEMailsGN" name="TZPCheckEMailsGNTest" time="4.505">
    <failure type="java.lang.AssertionError" message="The following asserts failed:
	expected [true] but found [false]">
      <![CDATA[java.lang.AssertionError: The following asserts failed:
expected [true] but found [false]
at TopZinsPortal.TZPCheckEMailsGN.TZPCheckEMailsGNTest(TZPCheckEMailsGN.java:125)
at java.base/java.util.ArrayList.forEach(ArrayList.java:1511)
... Removed 28 stack frames]]>
    </failure>
  </testcase> <!-- TZPCheckEMailsGNTest -->
  <testcase classname="TopZinsPortal.TZPCheckEMailsGN" name="TZPCheckEMailsGNTest" time="4.504">
    <failure type="java.lang.AssertionError" message="The following asserts failed:
	expected [true] but found [false]">
      <![CDATA[java.lang.AssertionError: The following asserts failed:
expected [true] but found [false]
at TopZinsPortal.TZPCheckEMailsGN.TZPCheckEMailsGNTest(TZPCheckEMailsGN.java:125)
at java.base/java.util.ArrayList.forEach(ArrayList.java:1511)
... Removed 28 stack frames]]>
    </failure>
  </testcase> <!-- TZPCheckEMailsGNTest -->
  <testcase classname="TopZinsPortal.TZPCheckEMailsGN" name="TZPCheckEMailsGNTest" time="4.514">
    <failure type="java.lang.AssertionError" message="The following asserts failed:
	expected [true] but found [false]">
      <![CDATA[java.lang.AssertionError: The following asserts failed:
expected [true] but found [false]
at TopZinsPortal.TZPCheckEMailsGN.TZPCheckEMailsGNTest(TZPCheckEMailsGN.java:125)
at java.base/java.util.ArrayList.forEach(ArrayList.java:1511)
... Removed 28 stack frames]]>
    </failure>
  </testcase> <!-- TZPCheckEMailsGNTest -->
</testsuite> <!-- TZP-Lesen E-Mails-GN -->
