<html>
<head>
<title>TestNG:  TZP-Registrierung-GN</title>
<link href="../testng.css" rel="stylesheet" type="text/css" />
<link href="../my-testng.css" rel="stylesheet" type="text/css" />

<style type="text/css">
.log { display: none;} 
.stack-trace { display: none;} 
</style>
<script type="text/javascript">
<!--
function flip(e) {
  current = e.style.display;
  if (current == 'block') {
    e.style.display = 'none';
    return 0;
  }
  else {
    e.style.display = 'block';
    return 1;
  }
}

function toggleBox(szDivId, elem, msg1, msg2)
{
  var res = -1;  if (document.getElementById) {
    res = flip(document.getElementById(szDivId));
  }
  else if (document.all) {
    // this is the way old msie versions work
    res = flip(document.all[szDivId]);
  }
  if(elem) {
    if(res == 0) elem.innerHTML = msg1; else elem.innerHTML = msg2;
  }

}

function toggleAllBoxes() {
  if (document.getElementsByTagName) {
    d = document.getElementsByTagName('div');
    for (i = 0; i < d.length; i++) {
      if (d[i].className == 'log') {
        flip(d[i]);
      }
    }
  }
}

// -->
</script>

</head>
<body>
<h2 align='center'>TZP-Registrierung-GN</h2><table border='1' align="center">
<tr>
<td>Tests passed/Failed/Skipped:</td><td>7/1/0</td>
</tr><tr>
<td>Started on:</td><td>Wed Aug 04 17:32:54 CEST 2021</td>
</tr>
<tr><td>Total time:</td><td>224 seconds (224948 ms)</td>
</tr><tr>
<td>Included groups:</td><td></td>
</tr><tr>
<td>Excluded groups:</td><td></td>
</tr>
</table><p/>
<small><i>(Hover the method name to see the test class name)</i></small><p/>
<table width='100%' border='1' class='invocation-failed'>
<tr><td colspan='4' align='center'><b>FAILED TESTS</b></td></tr>
<tr><td><b>Test method</b></td>
<td width="30%"><b>Exception</b></td>
<td width="10%"><b>Time (seconds)</b></td>
<td><b>Instance</b></td>
</tr>
<tr>
<td title='TopZinsPortal.TZPRegGN.TZPRegGNTest()'><b>TZPRegGNTest</b><br>Test class: TopZinsPortal.TZPRegGN<br>Parameters: TZPRegGN-TF-000, Ja, Beispiel Bank, Herr, Dr., Max, Mustermann, 0611 11 11 11, Max.Mustermann@Beispielbank.com, Max.Mustermann@Beispielbank.com, Test12345!, Ja, Ja, Nein</td>
<td><div><pre>org.openqa.selenium.NoSuchElementException: no such element: Unable to locate element: {&quot;method&quot;:&quot;xpath&quot;,&quot;selector&quot;:&quot;//span[text()=&apos;Vollständige Registrierung&apos;]&quot;}
  (Session info: chrome=92.0.4515.131)
For documentation on this error, please visit: https://www.seleniumhq.org/exceptions/no_such_element.html
Build info: version: &apos;3.141.59&apos;, revision: &apos;e82be7d358&apos;, time: &apos;2018-11-14T08:17:03&apos;
System info: host: &apos;FORSA-VM31&apos;, ip: &apos;10.52.76.82&apos;, os.name: &apos;Windows 10&apos;, os.arch: &apos;amd64&apos;, os.version: &apos;10.0&apos;, java.version: &apos;15&apos;
Driver info: org.openqa.selenium.chrome.ChromeDriver
Capabilities {acceptInsecureCerts: false, browserName: chrome, browserVersion: 92.0.4515.131, chrome: {chromedriverVersion: 92.0.4515.107 (87a818b10553..., userDataDir: C:\Users\B22E7~1.DIK\AppDat...}, goog:chromeOptions: {debuggerAddress: localhost:57279}, javascriptEnabled: true, networkConnectionEnabled: false, pageLoadStrategy: normal, platform: WINDOWS, platformName: WINDOWS, proxy: Proxy(), setWindowRect: true, strictFileInteractability: false, timeouts: {implicit: 0, pageLoad: 300000, script: 30000}, unhandledPromptBehavior: dismiss and notify, webauthn:extension:credBlob: true, webauthn:extension:largeBlob: true, webauthn:virtualAuthenticators: true}
Session ID: 27724de177902b1f33c61b4d04f3bf52
*** Element info: {Using=xpath, value=//span[text()=&apos;Vollständige Registrierung&apos;]}
	at org.openqa.selenium.remote.http.W3CHttpResponseCodec.createException(W3CHttpResponseCodec.java:187)
	at org.openqa.selenium.remote.http.W3CHttpResponseCodec.decode(W3CHttpResponseCodec.java:122)
	at org.openqa.selenium.remote.http.W3CHttpResponseCodec.decode(W3CHttpResponseCodec.java:49)
	at org.openqa.selenium.remote.HttpCommandExecutor.execute(HttpCommandExecutor.java:158)
	at org.openqa.selenium.remote.service.DriverCommandExecutor.execute(DriverCommandExecutor.java:83)
	at org.openqa.selenium.remote.RemoteWebDriver.execute(RemoteWebDriver.java:552)
	at org.openqa.selenium.remote.RemoteWebDriver.findElement(RemoteWebDriver.java:323)
	at org.openqa.selenium.remote.RemoteWebDriver.findElementByXPath(RemoteWebDriver.java:428)
	at org.openqa.selenium.By$ByXPath.findElement(By.java:353)
	at org.openqa.selenium.remote.RemoteWebDriver.findElement(RemoteWebDriver.java:315)
	at TopZinsPortal.TZPRegGN.TZPRegGNTest(TZPRegGN.java:182)
	at java.base/java.util.ArrayList.forEach(ArrayList.java:1511)
... Removed 32 stack frames</pre></div><a href='#' onClick='toggleBox("stack-trace63712830", this, "Click to show all stack frames", "Click to hide stack frames")'>Click to show all stack frames</a>
<div class='stack-trace' id='stack-trace63712830'><pre>org.openqa.selenium.NoSuchElementException: no such element: Unable to locate element: {&quot;method&quot;:&quot;xpath&quot;,&quot;selector&quot;:&quot;//span[text()=&apos;Vollständige Registrierung&apos;]&quot;}
  (Session info: chrome=92.0.4515.131)
For documentation on this error, please visit: https://www.seleniumhq.org/exceptions/no_such_element.html
Build info: version: &apos;3.141.59&apos;, revision: &apos;e82be7d358&apos;, time: &apos;2018-11-14T08:17:03&apos;
System info: host: &apos;FORSA-VM31&apos;, ip: &apos;10.52.76.82&apos;, os.name: &apos;Windows 10&apos;, os.arch: &apos;amd64&apos;, os.version: &apos;10.0&apos;, java.version: &apos;15&apos;
Driver info: org.openqa.selenium.chrome.ChromeDriver
Capabilities {acceptInsecureCerts: false, browserName: chrome, browserVersion: 92.0.4515.131, chrome: {chromedriverVersion: 92.0.4515.107 (87a818b10553..., userDataDir: C:\Users\B22E7~1.DIK\AppDat...}, goog:chromeOptions: {debuggerAddress: localhost:57279}, javascriptEnabled: true, networkConnectionEnabled: false, pageLoadStrategy: normal, platform: WINDOWS, platformName: WINDOWS, proxy: Proxy(), setWindowRect: true, strictFileInteractability: false, timeouts: {implicit: 0, pageLoad: 300000, script: 30000}, unhandledPromptBehavior: dismiss and notify, webauthn:extension:credBlob: true, webauthn:extension:largeBlob: true, webauthn:virtualAuthenticators: true}
Session ID: 27724de177902b1f33c61b4d04f3bf52
*** Element info: {Using=xpath, value=//span[text()=&apos;Vollständige Registrierung&apos;]}
	at java.base/jdk.internal.reflect.NativeConstructorAccessorImpl.newInstance0(Native Method)
	at java.base/jdk.internal.reflect.NativeConstructorAccessorImpl.newInstance(NativeConstructorAccessorImpl.java:64)
	at java.base/jdk.internal.reflect.DelegatingConstructorAccessorImpl.newInstance(DelegatingConstructorAccessorImpl.java:45)
	at java.base/java.lang.reflect.Constructor.newInstanceWithCaller(Constructor.java:500)
	at java.base/java.lang.reflect.Constructor.newInstance(Constructor.java:481)
	at org.openqa.selenium.remote.http.W3CHttpResponseCodec.createException(W3CHttpResponseCodec.java:187)
	at org.openqa.selenium.remote.http.W3CHttpResponseCodec.decode(W3CHttpResponseCodec.java:122)
	at org.openqa.selenium.remote.http.W3CHttpResponseCodec.decode(W3CHttpResponseCodec.java:49)
	at org.openqa.selenium.remote.HttpCommandExecutor.execute(HttpCommandExecutor.java:158)
	at org.openqa.selenium.remote.service.DriverCommandExecutor.execute(DriverCommandExecutor.java:83)
	at org.openqa.selenium.remote.RemoteWebDriver.execute(RemoteWebDriver.java:552)
	at org.openqa.selenium.remote.RemoteWebDriver.findElement(RemoteWebDriver.java:323)
	at org.openqa.selenium.remote.RemoteWebDriver.findElementByXPath(RemoteWebDriver.java:428)
	at org.openqa.selenium.By$ByXPath.findElement(By.java:353)
	at org.openqa.selenium.remote.RemoteWebDriver.findElement(RemoteWebDriver.java:315)
	at TopZinsPortal.TZPRegGN.TZPRegGNTest(TZPRegGN.java:182)
	at java.base/jdk.internal.reflect.NativeMethodAccessorImpl.invoke0(Native Method)
	at java.base/jdk.internal.reflect.NativeMethodAccessorImpl.invoke(NativeMethodAccessorImpl.java:64)
	at java.base/jdk.internal.reflect.DelegatingMethodAccessorImpl.invoke(DelegatingMethodAccessorImpl.java:43)
	at java.base/java.lang.reflect.Method.invoke(Method.java:564)
	at org.testng.internal.MethodInvocationHelper.invokeMethod(MethodInvocationHelper.java:132)
	at org.testng.internal.TestInvoker.invokeMethod(TestInvoker.java:599)
	at org.testng.internal.TestInvoker.invokeTestMethod(TestInvoker.java:174)
	at org.testng.internal.MethodRunner.runInSequence(MethodRunner.java:46)
	at org.testng.internal.TestInvoker$MethodInvocationAgent.invoke(TestInvoker.java:822)
	at org.testng.internal.TestInvoker.invokeTestMethods(TestInvoker.java:147)
	at org.testng.internal.TestMethodWorker.invokeTestMethods(TestMethodWorker.java:146)
	at org.testng.internal.TestMethodWorker.run(TestMethodWorker.java:128)
	at java.base/java.util.ArrayList.forEach(ArrayList.java:1511)
	at org.testng.TestRunner.privateRun(TestRunner.java:764)
	at org.testng.TestRunner.run(TestRunner.java:585)
	at org.testng.SuiteRunner.runTest(SuiteRunner.java:384)
	at org.testng.SuiteRunner.runSequentially(SuiteRunner.java:378)
	at org.testng.SuiteRunner.privateRun(SuiteRunner.java:337)
	at org.testng.SuiteRunner.run(SuiteRunner.java:286)
	at org.testng.SuiteRunnerWorker.runSuite(SuiteRunnerWorker.java:53)
	at org.testng.SuiteRunnerWorker.run(SuiteRunnerWorker.java:96)
	at org.testng.TestNG.runSuitesSequentially(TestNG.java:1218)
	at org.testng.TestNG.runSuitesLocally(TestNG.java:1140)
	at org.testng.TestNG.runSuites(TestNG.java:1069)
	at org.testng.TestNG.run(TestNG.java:1037)
	at org.testng.remote.AbstractRemoteTestNG.run(AbstractRemoteTestNG.java:115)
	at org.testng.remote.RemoteTestNG.initAndRun(RemoteTestNG.java:251)
	at org.testng.remote.RemoteTestNG.main(RemoteTestNG.java:77)
</pre></div></td>
<td>34</td>
<td>TopZinsPortal.TZPRegGN@4f83df68</td></tr>
</table><p>
<table width='100%' border='1' class='invocation-passed'>
<tr><td colspan='4' align='center'><b>PASSED TESTS</b></td></tr>
<tr><td><b>Test method</b></td>
<td width="30%"><b>Exception</b></td>
<td width="10%"><b>Time (seconds)</b></td>
<td><b>Instance</b></td>
</tr>
<tr>
<td title='TopZinsPortal.TZPRegGN.TZPRegGNTest()'><b>TZPRegGNTest</b><br>Test class: TopZinsPortal.TZPRegGN<br>Parameters: TZPRegGN-TF-001, Ja, BHDR-GN-Handel, Herr, Dr., BHDR-GN-Handel Vorname, BHDR-GN-Handel Nachname, 0611 11 11 11, BHDR.GN.Handel@gmail.com, BHDR.GN.Handel@gmail.com, Test12345!, Ja, Ja, Nein</td>
<td></td>
<td>26</td>
<td>TopZinsPortal.TZPRegGN@4f83df68</td></tr>
<tr>
<td title='TopZinsPortal.TZPRegGN.TZPRegGNTest()'><b>TZPRegGNTest</b><br>Test class: TopZinsPortal.TZPRegGN<br>Parameters: TZPRegGN-TF-002, Ja, BHDR-GN-DGSVO, Herr, Dr., BHDR-GN-DGSVO Vorname, BHDR-GN-DGSVO Nachname, 0611 11 11 11, BHDR.GN.DGSVO@gmail.com, BHDR.GN.DGSVO@gmail.com, Test12345!, Ja, Ja, Nein</td>
<td></td>
<td>26</td>
<td>TopZinsPortal.TZPRegGN@4f83df68</td></tr>
<tr>
<td title='TopZinsPortal.TZPRegGN.TZPRegGNTest()'><b>TZPRegGNTest</b><br>Test class: TopZinsPortal.TZPRegGN<br>Parameters: TZPRegGN-TF-003, Ja, BHDR-GN-DatenKomplett, Herr, Dr., BHDR-GN-DatenKomplett Vorname, BHDR-GN-DatenKomplett Nachname, 0611 11 11 11, BHDR.GN.DatenKomplett@gmail.com, BHDR.GN.DatenKomplett@gmail.com, Test12345!, Ja, Ja, Nein</td>
<td></td>
<td>26</td>
<td>TopZinsPortal.TZPRegGN@4f83df68</td></tr>
<tr>
<td title='TopZinsPortal.TZPRegGN.TZPRegGNTest()'><b>TZPRegGNTest</b><br>Test class: TopZinsPortal.TZPRegGN<br>Parameters: TZPRegGN-TF-004, Ja, BHDR-GN-Deaktiv, Frau, Dr., BHDR-GN-Deaktiv Vorname, BHDR-GN-Deaktiv Nachname, 06119738163, BHDR.GN.Deaktiv@gmail.com, BHDR.GN.Deaktiv@gmail.com, Test12345!, Ja, Ja, Nein</td>
<td></td>
<td>26</td>
<td>TopZinsPortal.TZPRegGN@4f83df68</td></tr>
<tr>
<td title='TopZinsPortal.TZPRegGN.TZPRegGNTest()'><b>TZPRegGNTest</b><br>Test class: TopZinsPortal.TZPRegGN<br>Parameters: TZPRegGN-TF-005, Ja, BHDR-GN-Loeschen, Frau, Dr., BHDR-GN-Loeschen Vorname, BHDR-GN-Loeschen Nachname, 06119738163, BHDR.GN.Loeschen@gmail.com, BHDR.GN.Loeschen@gmail.com, Test12345!, Ja, Ja, Nein</td>
<td></td>
<td>26</td>
<td>TopZinsPortal.TZPRegGN@4f83df68</td></tr>
<tr>
<td title='TopZinsPortal.TZPRegGN.TZPRegGNTest()'><b>TZPRegGNTest</b><br>Test class: TopZinsPortal.TZPRegGN<br>Parameters: TZPRegGN-TF-006, Ja, Burk-GN-Handel -BHDR-, Herr, , Burk-GN-Handel Vorname, Burk-GN-Handel Nachname, 0611 11 11 11, Burk.GN.Handel@gmail.com, Burk.GN.Handel@gmail.com, Test12345!, Ja, Ja, Nein</td>
<td></td>
<td>26</td>
<td>TopZinsPortal.TZPRegGN@4f83df68</td></tr>
<tr>
<td title='TopZinsPortal.TZPRegGN.TZPRegGNTest()'><b>TZPRegGNTest</b><br>Test class: TopZinsPortal.TZPRegGN<br>Parameters: TZPRegGN-TF-007, Ja, Centner-GN-Handel -BHDR-, Herr, Dr., Centner-GN-Handel Vorname, Centner-GN-Handel Nachname, 0611 11 11 11, Centner.GN.Handel@gmail.com, Centner.GN.Handel@gmail.com, Test12345!, Ja, Ja, Nein</td>
<td></td>
<td>26</td>
<td>TopZinsPortal.TZPRegGN@4f83df68</td></tr>
</table><p>
</body>
</html>