<?xml version="1.0" encoding="UTF-8"?>
<!-- Generated by org.testng.reporters.JUnitXMLReporter -->
<testsuite ignored="0" hostname="forsa-vm31" failures="1" tests="4" name="TZP-Login-GG" time="31.863" errors="0" timestamp="2021-05-21T09:14:10 CEST">
  <testcase classname="TopZinsPortal.TZPLoginGG" name="TZPLoginGGTest" time="14.397"/>
  <testcase classname="TopZinsPortal.TZPLoginGG" name="TZPLoginGGTest" time="14.437"/>
  <testcase classname="TopZinsPortal.TZPLoginGG" name="Login1Test" time="0.002">
    <failure type="java.lang.AssertionError" message="The following asserts failed:
	expected [true] but found [false]">
      <![CDATA[java.lang.AssertionError: The following asserts failed:
expected [true] but found [false]
at TopZinsPortal.TZPLoginGG.Login1Test(TZPLoginGG.java:219)
at java.base/java.util.ArrayList.forEach(ArrayList.java:1511)
... Removed 29 stack frames]]>
    </failure>
  </testcase> <!-- Login1Test -->
  <testcase classname="TopZinsPortal.TZPLoginGG" name="Login2Test" time="0.001"/>
</testsuite> <!-- TZP-Login-GG -->
