<?xml version="1.0" encoding="UTF-8"?>
<!-- Generated by org.testng.reporters.JUnitXMLReporter -->
<testsuite ignored="0" hostname="forsa-vm31" failures="10" tests="16" name="TZP-Kontrolle E-Mails-GN" time="95.036" errors="0" timestamp="2021-05-04T18:13:45 CEST">
  <testcase classname="TopZinsPortal.TZPCheckEMailsGN" name="TZPCheckEmailGNTest" time="9.55">
    <failure type="java.lang.AssertionError" message="The following asserts failed:
	expected [true] but found [false]">
      <![CDATA[java.lang.AssertionError: The following asserts failed:
expected [true] but found [false]
at TopZinsPortal.TZPCheckEMailsGN.TZPCheckEmailGNTest(TZPCheckEMailsGN.java:125)
at java.base/java.util.ArrayList.forEach(ArrayList.java:1511)
... Removed 29 stack frames]]>
    </failure>
  </testcase> <!-- TZPCheckEmailGNTest -->
  <testcase classname="TopZinsPortal.TZPCheckEMailsGN" name="TZPCheckEmailGNTest" time="9.374">
    <failure type="java.lang.AssertionError" message="The following asserts failed:
	expected [true] but found [false]">
      <![CDATA[java.lang.AssertionError: The following asserts failed:
expected [true] but found [false]
at TopZinsPortal.TZPCheckEMailsGN.TZPCheckEmailGNTest(TZPCheckEMailsGN.java:125)
at java.base/java.util.ArrayList.forEach(ArrayList.java:1511)
... Removed 29 stack frames]]>
    </failure>
  </testcase> <!-- TZPCheckEmailGNTest -->
  <testcase classname="TopZinsPortal.TZPCheckEMailsGN" name="TZPCheckEmailGNTest" time="4.516"/>
  <testcase classname="TopZinsPortal.TZPCheckEMailsGN" name="TZPCheckEmailGNTest" time="7.726">
    <failure type="java.lang.AssertionError" message="The following asserts failed:
	expected [true] but found [false]">
      <![CDATA[java.lang.AssertionError: The following asserts failed:
expected [true] but found [false]
at TopZinsPortal.TZPCheckEMailsGN.TZPCheckEmailGNTest(TZPCheckEMailsGN.java:125)
at java.base/java.util.ArrayList.forEach(ArrayList.java:1511)
... Removed 29 stack frames]]>
    </failure>
  </testcase> <!-- TZPCheckEmailGNTest -->
  <testcase classname="TopZinsPortal.TZPCheckEMailsGN" name="TZPCheckEmailGNTest" time="4.516"/>
  <testcase classname="TopZinsPortal.TZPCheckEMailsGN" name="TZPCheckEmailGNTest" time="4.502"/>
  <testcase classname="TopZinsPortal.TZPCheckEMailsGN" name="TZPCheckEmailGNTest" time="4.509"/>
  <testcase classname="TopZinsPortal.TZPCheckEMailsGN" name="TZPCheckEmailGNTest" time="4.512">
    <failure type="java.lang.AssertionError" message="The following asserts failed:
	expected [true] but found [false]">
      <![CDATA[java.lang.AssertionError: The following asserts failed:
expected [true] but found [false]
at TopZinsPortal.TZPCheckEMailsGN.TZPCheckEmailGNTest(TZPCheckEMailsGN.java:125)
at java.base/java.util.ArrayList.forEach(ArrayList.java:1511)
... Removed 29 stack frames]]>
    </failure>
  </testcase> <!-- TZPCheckEmailGNTest -->
  <testcase classname="TopZinsPortal.TZPCheckEMailsGN" name="TZPCheckEmailGNTest" time="6.379">
    <failure type="java.lang.AssertionError" message="The following asserts failed:
	expected [true] but found [false]">
      <![CDATA[java.lang.AssertionError: The following asserts failed:
expected [true] but found [false]
at TopZinsPortal.TZPCheckEMailsGN.TZPCheckEmailGNTest(TZPCheckEMailsGN.java:119)
at java.base/java.util.ArrayList.forEach(ArrayList.java:1511)
... Removed 29 stack frames]]>
    </failure>
  </testcase> <!-- TZPCheckEmailGNTest -->
  <testcase classname="TopZinsPortal.TZPCheckEMailsGN" name="TZPCheckEmailGNTest" time="4.511">
    <failure type="java.lang.AssertionError" message="The following asserts failed:
	expected [true] but found [false]">
      <![CDATA[java.lang.AssertionError: The following asserts failed:
expected [true] but found [false]
at TopZinsPortal.TZPCheckEMailsGN.TZPCheckEmailGNTest(TZPCheckEMailsGN.java:125)
at java.base/java.util.ArrayList.forEach(ArrayList.java:1511)
... Removed 29 stack frames]]>
    </failure>
  </testcase> <!-- TZPCheckEmailGNTest -->
  <testcase classname="TopZinsPortal.TZPCheckEMailsGN" name="TZPCheckEmailGNTest" time="7.152">
    <failure type="java.lang.AssertionError" message="The following asserts failed:
	expected [true] but found [false]">
      <![CDATA[java.lang.AssertionError: The following asserts failed:
expected [true] but found [false]
at TopZinsPortal.TZPCheckEMailsGN.TZPCheckEmailGNTest(TZPCheckEMailsGN.java:125)
at java.base/java.util.ArrayList.forEach(ArrayList.java:1511)
... Removed 29 stack frames]]>
    </failure>
  </testcase> <!-- TZPCheckEmailGNTest -->
  <testcase classname="TopZinsPortal.TZPCheckEMailsGN" name="TZPCheckEmailGNTest" time="4.511">
    <failure type="java.lang.AssertionError" message="The following asserts failed:
	expected [true] but found [false]">
      <![CDATA[java.lang.AssertionError: The following asserts failed:
expected [true] but found [false]
at TopZinsPortal.TZPCheckEMailsGN.TZPCheckEmailGNTest(TZPCheckEMailsGN.java:125)
at java.base/java.util.ArrayList.forEach(ArrayList.java:1511)
... Removed 29 stack frames]]>
    </failure>
  </testcase> <!-- TZPCheckEmailGNTest -->
  <testcase classname="TopZinsPortal.TZPCheckEMailsGN" name="TZPCheckEmailGNTest" time="6.047">
    <failure type="java.lang.AssertionError" message="The following asserts failed:
	expected [true] but found [false]">
      <![CDATA[java.lang.AssertionError: The following asserts failed:
expected [true] but found [false]
at TopZinsPortal.TZPCheckEMailsGN.TZPCheckEmailGNTest(TZPCheckEMailsGN.java:125)
at java.base/java.util.ArrayList.forEach(ArrayList.java:1511)
... Removed 29 stack frames]]>
    </failure>
  </testcase> <!-- TZPCheckEmailGNTest -->
  <testcase classname="TopZinsPortal.TZPCheckEMailsGN" name="TZPCheckEmailGNTest" time="4.513"/>
  <testcase classname="TopZinsPortal.TZPCheckEMailsGN" name="TZPCheckEmailGNTest" time="4.508"/>
  <testcase classname="TopZinsPortal.TZPCheckEMailsGN" name="TZPCheckEmailGNTest" time="4.515">
    <failure type="java.lang.AssertionError" message="The following asserts failed:
	expected [true] but found [false]">
      <![CDATA[java.lang.AssertionError: The following asserts failed:
expected [true] but found [false]
at TopZinsPortal.TZPCheckEMailsGN.TZPCheckEmailGNTest(TZPCheckEMailsGN.java:125)
at java.base/java.util.ArrayList.forEach(ArrayList.java:1511)
... Removed 29 stack frames]]>
    </failure>
  </testcase> <!-- TZPCheckEmailGNTest -->
</testsuite> <!-- TZP-Kontrolle E-Mails-GN -->
