<?xml version="1.0" encoding="UTF-8"?>
<!-- Generated by org.testng.reporters.JUnitXMLReporter -->
<testsuite ignored="0" hostname="forsa-vm31" failures="1" tests="10" name="TZP-Admin-Loeschen" time="83.452" errors="0" timestamp="2021-05-10T11:56:30 CEST">
  <testcase classname="TopZinsPortal.TZPAdminUserLoeschenGG" name="TZPAdminUserLoeschenGGTest" time="0.007"/>
  <testcase classname="TopZinsPortal.TZPAdminUserLoeschenGG" name="TZPAdminUserLoeschenGGTest" time="0.001"/>
  <testcase classname="TopZinsPortal.TZPAdminUserLoeschenGG" name="TZPAdminUserLoeschenGGTest" time="0.001"/>
  <testcase classname="TopZinsPortal.TZPAdminUserLoeschenGG" name="TZPAdminUserLoeschenGGTest" time="19.379">
    <failure type="java.lang.AssertionError" message="The following asserts failed:
	Gemeldeter Fehler: org.openqa.selenium.NoSuchElementException: no such element: Unable to locate element: {&amp;quot;method&amp;quot;:&amp;quot;xpath&amp;quot;,&amp;quot;selector&amp;quot;:&amp;quot;//div[text() = &amp;apos;BHDR-GN-DGSVO&amp;apos;]//ancestor::div[contains(@class, &amp;apos;jss&amp;apos;)]//button[contains(@class, &amp;apos;MuiButtonBase-root MuiIconButton-root&amp;apos;)][1]&amp;quot;}
  (Session info: chrome=90.0.4430.93)
For documentation on this error, please visit: https://www.seleniumhq.org/exceptions/no_such_element.html
Build info: version: &amp;apos;3.141.59&amp;apos;, revision: &amp;apos;e82be7d358&amp;apos;, time: &amp;apos;2018-11-14T08:17:03&amp;apos;
System info: host: &amp;apos;FORSA-VM31&amp;apos;, ip: &amp;apos;10.52.76.82&amp;apos;, os.name: &amp;apos;Windows 10&amp;apos;, os.arch: &amp;apos;amd64&amp;apos;, os.version: &amp;apos;10.0&amp;apos;, java.version: &amp;apos;15&amp;apos;
Driver info: org.openqa.selenium.chrome.ChromeDriver
Capabilities {acceptInsecureCerts: false, browserName: chrome, browserVersion: 90.0.4430.93, chrome: {chromedriverVersion: 90.0.4430.24 (4c6d850f087da..., userDataDir: C:\Users\B22E7~1.DIK\AppDat...}, goog:chromeOptions: {debuggerAddress: localhost:55098}, javascriptEnabled: true, networkConnectionEnabled: false, pageLoadStrategy: normal, platform: WINDOWS, platformName: WINDOWS, proxy: Proxy(), setWindowRect: true, strictFileInteractability: false, timeouts: {implicit: 0, pageLoad: 300000, script: 30000}, unhandledPromptBehavior: dismiss and notify, webauthn:extension:largeBlob: true, webauthn:virtualAuthenticators: true}
Session ID: a5355ee1ebc399eb5ab65ebf052bc674
*** Element info: {Using=xpath, value=//div[text() = &amp;apos;BHDR-GN-DGSVO&amp;apos;]//ancestor::div[contains(@class, &amp;apos;jss&amp;apos;)]//button[contains(@class, &amp;apos;MuiButtonBase-root MuiIconButton-root&amp;apos;)][1]} expected [true] but found [false]">
      <![CDATA[java.lang.AssertionError: The following asserts failed:
Gemeldeter Fehler: org.openqa.selenium.NoSuchElementException: no such element: Unable to locate element: {"method":"xpath","selector":"//div[text() = 'BHDR-GN-DGSVO']//ancestor::div[contains(@class, 'jss')]//button[contains(@class, 'MuiButtonBase-root MuiIconButton-root')][1]"}
  (Session info: chrome=90.0.4430.93)
For documentation on this error, please visit: https://www.seleniumhq.org/exceptions/no_such_element.html
Build info: version: '3.141.59', revision: 'e82be7d358', time: '2018-11-14T08:17:03'
System info: host: 'FORSA-VM31', ip: '10.52.76.82', os.name: 'Windows 10', os.arch: 'amd64', os.version: '10.0', java.version: '15'
Driver info: org.openqa.selenium.chrome.ChromeDriver
Capabilities {acceptInsecureCerts: false, browserName: chrome, browserVersion: 90.0.4430.93, chrome: {chromedriverVersion: 90.0.4430.24 (4c6d850f087da..., userDataDir: C:\Users\B22E7~1.DIK\AppDat...}, goog:chromeOptions: {debuggerAddress: localhost:55098}, javascriptEnabled: true, networkConnectionEnabled: false, pageLoadStrategy: normal, platform: WINDOWS, platformName: WINDOWS, proxy: Proxy(), setWindowRect: true, strictFileInteractability: false, timeouts: {implicit: 0, pageLoad: 300000, script: 30000}, unhandledPromptBehavior: dismiss and notify, webauthn:extension:largeBlob: true, webauthn:virtualAuthenticators: true}
Session ID: a5355ee1ebc399eb5ab65ebf052bc674
*** Element info: {Using=xpath, value=//div[text() = 'BHDR-GN-DGSVO']//ancestor::div[contains(@class, 'jss')]//button[contains(@class, 'MuiButtonBase-root MuiIconButton-root')][1]} expected [true] but found [false]
at Utils.SeleniumUtils.ButtonKlick(SeleniumUtils.java:479)
at TopZinsPortal.TZPAdminUserLoeschenGG.TZPAdminUserLoeschenGGTest(TZPAdminUserLoeschenGG.java:208)
at java.base/java.util.ArrayList.forEach(ArrayList.java:1511)
... Removed 29 stack frames]]>
    </failure>
  </testcase> <!-- TZPAdminUserLoeschenGGTest -->
  <testcase classname="TopZinsPortal.TZPAdminUserLoeschenGG" name="TZPAdminUserLoeschenGGTest" time="10.285"/>
  <testcase classname="TopZinsPortal.TZPAdminUserLoeschenGG" name="TZPAdminUserLoeschenGGTest" time="9.99"/>
  <testcase classname="TopZinsPortal.TZPAdminUserLoeschenGG" name="TZPAdminUserLoeschenGGTest" time="9.782"/>
  <testcase classname="TopZinsPortal.TZPAdminUserLoeschenGG" name="TZPAdminUserLoeschenGGTest" time="9.646"/>
  <testcase classname="TopZinsPortal.TZPAdminUserLoeschenGG" name="TZPAdminUserLoeschenGGTest" time="9.661"/>
  <testcase classname="TopZinsPortal.TZPAdminUserLoeschenGG" name="TZPAdminUserLoeschenGGTest" time="9.635"/>
</testsuite> <!-- TZP-Admin-Loeschen -->
