<?xml version="1.0" encoding="UTF-8"?>
<!-- Generated by org.testng.reporters.JUnitXMLReporter -->
<testsuite hostname="Laptop-BHDR" ignored="0" name="WebRiskBasisTestPHVVorbereitung für Applitools" tests="2" failures="2" timestamp="2020-09-23T15:28:38 MESZ" time="27.386" errors="0">
  <testcase name="BasisRisiko" time="3.187" classname="WebRiskTests.WebRiskBasisTestPHVOK">
    <failure type="java.lang.ArrayIndexOutOfBoundsException" message="1">
      <![CDATA[java.lang.ArrayIndexOutOfBoundsException: 1
at java.util.Arrays$ArrayList.get(Unknown Source)
at com.qeagle.devtools.services.impl.ChromeServiceImpl.createDevToolsService(ChromeServiceImpl.java:161)
at org.qeagle.devtools.webdriver.DevToolsService.getDevToolsService(DevToolsService.java:24)
at WebRiskTests.WebRiskBasisTestPHVOK.Setup(WebRiskBasisTestPHVOK.java:136)
at WebRiskTests.WebRiskBasisTestPHVOK.BasisanmeldungTarifauwahl(WebRiskBasisTestPHVOK.java:190)
at WebRiskTests.WebRiskBasisTestPHVOK.BasisRisiko(WebRiskBasisTestPHVOK.java:286)
at java.util.ArrayList.forEach(Unknown Source)
... Removed 27 stack frames]]>
    </failure>
  </testcase> <!-- BasisRisiko -->
  <testcase name="BasisRisiko" time="24.171" classname="WebRiskTests.WebRiskBasisTestPHVOK">
    <failure type="org.openqa.selenium.TimeoutException" message="Expected condition failed: waiting for element to be clickable: By.linkText: Ich stimme zu (tried for 15 second(s) with 500 milliseconds interval)">
      <![CDATA[org.openqa.selenium.TimeoutException: Expected condition failed: waiting for element to be clickable: By.linkText: Ich stimme zu (tried for 15 second(s) with 500 milliseconds interval)
at org.openqa.selenium.support.ui.WebDriverWait.timeoutException(WebDriverWait.java:95)
at org.openqa.selenium.support.ui.FluentWait.until(FluentWait.java:272)
at WebRiskTests.WebRiskBasisTestPHVOK.buttonKlick(WebRiskBasisTestPHVOK.java:415)
at WebRiskTests.WebRiskBasisTestPHVOK.BasisanmeldungTarifauwahl(WebRiskBasisTestPHVOK.java:203)
at WebRiskTests.WebRiskBasisTestPHVOK.BasisRisiko(WebRiskBasisTestPHVOK.java:286)
at java.util.ArrayList.forEach(Unknown Source)
Caused by: org.openqa.selenium.NoSuchWindowException: no such window: target window already closed
from unknown error: web view not found
  (Session info: chrome=85.0.4183.121)
Build info: version: '3.141.59', revision: 'e82be7d358', time: '2018-11-14T08:17:03'
System info: host: 'LAPTOP-BHDR', ip: '192.168.0.150', os.name: 'Windows 10', os.arch: 'amd64', os.version: '10.0', java.version: '1.8.0_251'
Driver info: org.openqa.selenium.chrome.ChromeDriver
Capabilities {acceptInsecureCerts: false, browserName: chrome, browserVersion: 85.0.4183.121, chrome: {chromedriverVersion: 85.0.4183.87 (cd6713ebf92fa..., userDataDir: C:\Users\bdikm\AppData\Loca...}, goog:chromeOptions: {debuggerAddress: localhost:62885}, javascriptEnabled: true, networkConnectionEnabled: false, pageLoadStrategy: normal, platform: WINDOWS, platformName: WINDOWS, proxy: Proxy(), setWindowRect: true, strictFileInteractability: false, timeouts: {implicit: 0, pageLoad: 300000, script: 30000}, unhandledPromptBehavior: dismiss and notify, webauthn:virtualAuthenticators: true}
Session ID: b479d7b3af9ee199fe86a92037aaebf1
*** Element info: {Using=link text, value=Ich stimme zu}
at org.openqa.selenium.remote.http.W3CHttpResponseCodec.createException(W3CHttpResponseCodec.java:187)
at org.openqa.selenium.remote.http.W3CHttpResponseCodec.decode(W3CHttpResponseCodec.java:122)
at org.openqa.selenium.remote.http.W3CHttpResponseCodec.decode(W3CHttpResponseCodec.java:49)
at org.openqa.selenium.remote.HttpCommandExecutor.execute(HttpCommandExecutor.java:158)
at org.openqa.selenium.remote.service.DriverCommandExecutor.execute(DriverCommandExecutor.java:83)
at org.openqa.selenium.remote.RemoteWebDriver.execute(RemoteWebDriver.java:552)
at org.openqa.selenium.remote.RemoteWebDriver.findElement(RemoteWebDriver.java:323)
at org.openqa.selenium.remote.RemoteWebDriver.findElementByLinkText(RemoteWebDriver.java:380)
at org.openqa.selenium.By$ByLinkText.findElement(By.java:220)
at org.openqa.selenium.remote.RemoteWebDriver.findElement(RemoteWebDriver.java:315)
at org.openqa.selenium.support.ui.ExpectedConditions$7.apply(ExpectedConditions.java:205)
at org.openqa.selenium.support.ui.ExpectedConditions$7.apply(ExpectedConditions.java:201)
at org.openqa.selenium.support.ui.ExpectedConditions$22.apply(ExpectedConditions.java:641)
at org.openqa.selenium.support.ui.ExpectedConditions$22.apply(ExpectedConditions.java:638)
at org.openqa.selenium.support.ui.FluentWait.until(FluentWait.java:249)
... 31 more
... Removed 30 stack frames]]>
    </failure>
  </testcase> <!-- BasisRisiko -->
</testsuite> <!-- WebRiskBasisTestPHVVorbereitung für Applitools -->
