<html>
<head>
<title>TestNG:  WebRiskBasisTestPHV-Applitools</title>
<link href="../testng.css" rel="stylesheet" type="text/css" />
<link href="../my-testng.css" rel="stylesheet" type="text/css" />

<style type="text/css">
.log { display: none;} 
.stack-trace { display: none;} 
</style>
<script type="text/javascript">
<!--
function flip(e) {
  current = e.style.display;
  if (current == 'block') {
    e.style.display = 'none';
    return 0;
  }
  else {
    e.style.display = 'block';
    return 1;
  }
}

function toggleBox(szDivId, elem, msg1, msg2)
{
  var res = -1;  if (document.getElementById) {
    res = flip(document.getElementById(szDivId));
  }
  else if (document.all) {
    // this is the way old msie versions work
    res = flip(document.all[szDivId]);
  }
  if(elem) {
    if(res == 0) elem.innerHTML = msg1; else elem.innerHTML = msg2;
  }

}

function toggleAllBoxes() {
  if (document.getElementsByTagName) {
    d = document.getElementsByTagName('div');
    for (i = 0; i < d.length; i++) {
      if (d[i].className == 'log') {
        flip(d[i]);
      }
    }
  }
}

// -->
</script>

</head>
<body>
<h2 align='center'>WebRiskBasisTestPHV-Applitools</h2><table border='1' align="center">
<tr>
<td>Tests passed/Failed/Skipped:</td><td>0/2/0</td>
</tr><tr>
<td>Started on:</td><td>Wed May 27 14:28:48 CEST 2020</td>
</tr>
<tr><td>Total time:</td><td>0 seconds (33 ms)</td>
</tr><tr>
<td>Included groups:</td><td></td>
</tr><tr>
<td>Excluded groups:</td><td></td>
</tr>
</table><p/>
<small><i>(Hover the method name to see the test class name)</i></small><p/>
<table width='100%' border='1' class='invocation-failed'>
<tr><td colspan='4' align='center'><b>FAILED TESTS</b></td></tr>
<tr><td><b>Test method</b></td>
<td width="30%"><b>Exception</b></td>
<td width="10%"><b>Time (seconds)</b></td>
<td><b>Instance</b></td>
</tr>
<tr>
<td title='WebRiskTests.WebRiskBasisTestPHVOK.BasisRisiko()'><b>BasisRisiko</b><br>Test class: WebRiskTests.WebRiskBasisTestPHVOK<br>Parameters: PHV-1, 23081968, //li[contains(.,'Paar mit/ohne Kind')], //li[contains(.,'10 Mio.')], //li[contains(.,'vierteljährlich')], 69,00 €</td>
<td><div><pre>java.lang.NumberFormatException: null
	at java.lang.Integer.parseInt(Unknown Source)
	at java.lang.Integer.valueOf(Unknown Source)
	at WebRiskTests.WebRiskBasisTestPHVOK.Setup(WebRiskBasisTestPHVOK.java:67)
	at WebRiskTests.WebRiskBasisTestPHVOK.BasisanmeldungTarifauwahl(WebRiskBasisTestPHVOK.java:175)
	at WebRiskTests.WebRiskBasisTestPHVOK.BasisRisiko(WebRiskBasisTestPHVOK.java:262)
	at java.util.ArrayList.forEach(Unknown Source)
... Removed 27 stack frames</pre></div><a href='#' onClick='toggleBox("stack-trace1732238286", this, "Click to show all stack frames", "Click to hide stack frames")'>Click to show all stack frames</a>
<div class='stack-trace' id='stack-trace1732238286'><pre>java.lang.NumberFormatException: null
	at java.lang.Integer.parseInt(Unknown Source)
	at java.lang.Integer.valueOf(Unknown Source)
	at WebRiskTests.WebRiskBasisTestPHVOK.Setup(WebRiskBasisTestPHVOK.java:67)
	at WebRiskTests.WebRiskBasisTestPHVOK.BasisanmeldungTarifauwahl(WebRiskBasisTestPHVOK.java:175)
	at WebRiskTests.WebRiskBasisTestPHVOK.BasisRisiko(WebRiskBasisTestPHVOK.java:262)
	at sun.reflect.NativeMethodAccessorImpl.invoke0(Native Method)
	at sun.reflect.NativeMethodAccessorImpl.invoke(Unknown Source)
	at sun.reflect.DelegatingMethodAccessorImpl.invoke(Unknown Source)
	at java.lang.reflect.Method.invoke(Unknown Source)
	at org.testng.internal.MethodInvocationHelper.invokeMethod(MethodInvocationHelper.java:134)
	at org.testng.internal.TestInvoker.invokeMethod(TestInvoker.java:597)
	at org.testng.internal.TestInvoker.invokeTestMethod(TestInvoker.java:173)
	at org.testng.internal.MethodRunner.runInSequence(MethodRunner.java:46)
	at org.testng.internal.TestInvoker$MethodInvocationAgent.invoke(TestInvoker.java:816)
	at org.testng.internal.TestInvoker.invokeTestMethods(TestInvoker.java:146)
	at org.testng.internal.TestMethodWorker.invokeTestMethods(TestMethodWorker.java:146)
	at org.testng.internal.TestMethodWorker.run(TestMethodWorker.java:128)
	at java.util.ArrayList.forEach(Unknown Source)
	at org.testng.TestRunner.privateRun(TestRunner.java:766)
	at org.testng.TestRunner.run(TestRunner.java:587)
	at org.testng.SuiteRunner.runTest(SuiteRunner.java:384)
	at org.testng.SuiteRunner.runSequentially(SuiteRunner.java:378)
	at org.testng.SuiteRunner.privateRun(SuiteRunner.java:337)
	at org.testng.SuiteRunner.run(SuiteRunner.java:286)
	at org.testng.SuiteRunnerWorker.runSuite(SuiteRunnerWorker.java:53)
	at org.testng.SuiteRunnerWorker.run(SuiteRunnerWorker.java:96)
	at org.testng.TestNG.runSuitesSequentially(TestNG.java:1187)
	at org.testng.TestNG.runSuitesLocally(TestNG.java:1109)
	at org.testng.TestNG.runSuites(TestNG.java:1039)
	at org.testng.TestNG.run(TestNG.java:1007)
	at org.testng.remote.AbstractRemoteTestNG.run(AbstractRemoteTestNG.java:115)
	at org.testng.remote.RemoteTestNG.initAndRun(RemoteTestNG.java:251)
	at org.testng.remote.RemoteTestNG.main(RemoteTestNG.java:77)
</pre></div></td>
<td>0</td>
<td>WebRiskTests.WebRiskBasisTestPHVOK@545997b1</td></tr>
<tr>
<td title='WebRiskTests.WebRiskBasisTestPHVOK.BasisRisiko()'><b>BasisRisiko</b><br>Test class: WebRiskTests.WebRiskBasisTestPHVOK<br>Parameters: PHV-2, 01.01.45, //li[contains(.,'Single mit/ohne Kind')], //li[contains(.,'50 Mio.')], //li[contains(.,'jährlich')], 56,25 €</td>
<td><div><pre>java.lang.NumberFormatException: null
	at java.lang.Integer.parseInt(Unknown Source)
	at java.lang.Integer.valueOf(Unknown Source)
	at WebRiskTests.WebRiskBasisTestPHVOK.Setup(WebRiskBasisTestPHVOK.java:67)
	at WebRiskTests.WebRiskBasisTestPHVOK.BasisanmeldungTarifauwahl(WebRiskBasisTestPHVOK.java:175)
	at WebRiskTests.WebRiskBasisTestPHVOK.BasisRisiko(WebRiskBasisTestPHVOK.java:262)
	at java.util.ArrayList.forEach(Unknown Source)
... Removed 27 stack frames</pre></div><a href='#' onClick='toggleBox("stack-trace2052910813", this, "Click to show all stack frames", "Click to hide stack frames")'>Click to show all stack frames</a>
<div class='stack-trace' id='stack-trace2052910813'><pre>java.lang.NumberFormatException: null
	at java.lang.Integer.parseInt(Unknown Source)
	at java.lang.Integer.valueOf(Unknown Source)
	at WebRiskTests.WebRiskBasisTestPHVOK.Setup(WebRiskBasisTestPHVOK.java:67)
	at WebRiskTests.WebRiskBasisTestPHVOK.BasisanmeldungTarifauwahl(WebRiskBasisTestPHVOK.java:175)
	at WebRiskTests.WebRiskBasisTestPHVOK.BasisRisiko(WebRiskBasisTestPHVOK.java:262)
	at sun.reflect.NativeMethodAccessorImpl.invoke0(Native Method)
	at sun.reflect.NativeMethodAccessorImpl.invoke(Unknown Source)
	at sun.reflect.DelegatingMethodAccessorImpl.invoke(Unknown Source)
	at java.lang.reflect.Method.invoke(Unknown Source)
	at org.testng.internal.MethodInvocationHelper.invokeMethod(MethodInvocationHelper.java:134)
	at org.testng.internal.TestInvoker.invokeMethod(TestInvoker.java:597)
	at org.testng.internal.TestInvoker.invokeTestMethod(TestInvoker.java:173)
	at org.testng.internal.MethodRunner.runInSequence(MethodRunner.java:46)
	at org.testng.internal.TestInvoker$MethodInvocationAgent.invoke(TestInvoker.java:816)
	at org.testng.internal.TestInvoker.invokeTestMethods(TestInvoker.java:146)
	at org.testng.internal.TestMethodWorker.invokeTestMethods(TestMethodWorker.java:146)
	at org.testng.internal.TestMethodWorker.run(TestMethodWorker.java:128)
	at java.util.ArrayList.forEach(Unknown Source)
	at org.testng.TestRunner.privateRun(TestRunner.java:766)
	at org.testng.TestRunner.run(TestRunner.java:587)
	at org.testng.SuiteRunner.runTest(SuiteRunner.java:384)
	at org.testng.SuiteRunner.runSequentially(SuiteRunner.java:378)
	at org.testng.SuiteRunner.privateRun(SuiteRunner.java:337)
	at org.testng.SuiteRunner.run(SuiteRunner.java:286)
	at org.testng.SuiteRunnerWorker.runSuite(SuiteRunnerWorker.java:53)
	at org.testng.SuiteRunnerWorker.run(SuiteRunnerWorker.java:96)
	at org.testng.TestNG.runSuitesSequentially(TestNG.java:1187)
	at org.testng.TestNG.runSuitesLocally(TestNG.java:1109)
	at org.testng.TestNG.runSuites(TestNG.java:1039)
	at org.testng.TestNG.run(TestNG.java:1007)
	at org.testng.remote.AbstractRemoteTestNG.run(AbstractRemoteTestNG.java:115)
	at org.testng.remote.RemoteTestNG.initAndRun(RemoteTestNG.java:251)
	at org.testng.remote.RemoteTestNG.main(RemoteTestNG.java:77)
</pre></div></td>
<td>0</td>
<td>WebRiskTests.WebRiskBasisTestPHVOK@545997b1</td></tr>
<tr>
<td title='WebRiskTests.WebRiskBasisTestPHVOK.BasisRisiko()'><b>BasisRisiko</b><br>Test class: WebRiskTests.WebRiskBasisTestPHVOK<br>Parameters: PHV-1, 23081968, //li[contains(.,'Paar mit/ohne Kind')], //li[contains(.,'10 Mio.')], //li[contains(.,'vierteljährlich')], 69,00 €</td>
<td><div><pre>java.lang.NumberFormatException: null
	at java.lang.Integer.parseInt(Unknown Source)
	at java.lang.Integer.valueOf(Unknown Source)
	at WebRiskTests.WebRiskBasisTestPHVOK.Setup(WebRiskBasisTestPHVOK.java:67)
	at WebRiskTests.WebRiskBasisTestPHVOK.BasisanmeldungTarifauwahl(WebRiskBasisTestPHVOK.java:175)
	at WebRiskTests.WebRiskBasisTestPHVOK.BasisRisiko(WebRiskBasisTestPHVOK.java:262)
	at java.util.ArrayList.forEach(Unknown Source)
... Removed 27 stack frames</pre></div><a href='#' onClick='toggleBox("stack-trace770010802", this, "Click to show all stack frames", "Click to hide stack frames")'>Click to show all stack frames</a>
<div class='stack-trace' id='stack-trace770010802'><pre>java.lang.NumberFormatException: null
	at java.lang.Integer.parseInt(Unknown Source)
	at java.lang.Integer.valueOf(Unknown Source)
	at WebRiskTests.WebRiskBasisTestPHVOK.Setup(WebRiskBasisTestPHVOK.java:67)
	at WebRiskTests.WebRiskBasisTestPHVOK.BasisanmeldungTarifauwahl(WebRiskBasisTestPHVOK.java:175)
	at WebRiskTests.WebRiskBasisTestPHVOK.BasisRisiko(WebRiskBasisTestPHVOK.java:262)
	at sun.reflect.NativeMethodAccessorImpl.invoke0(Native Method)
	at sun.reflect.NativeMethodAccessorImpl.invoke(Unknown Source)
	at sun.reflect.DelegatingMethodAccessorImpl.invoke(Unknown Source)
	at java.lang.reflect.Method.invoke(Unknown Source)
	at org.testng.internal.MethodInvocationHelper.invokeMethod(MethodInvocationHelper.java:134)
	at org.testng.internal.TestInvoker.invokeMethod(TestInvoker.java:597)
	at org.testng.internal.TestInvoker.invokeTestMethod(TestInvoker.java:173)
	at org.testng.internal.MethodRunner.runInSequence(MethodRunner.java:46)
	at org.testng.internal.TestInvoker$MethodInvocationAgent.invoke(TestInvoker.java:816)
	at org.testng.internal.TestInvoker.invokeTestMethods(TestInvoker.java:146)
	at org.testng.internal.TestMethodWorker.invokeTestMethods(TestMethodWorker.java:146)
	at org.testng.internal.TestMethodWorker.run(TestMethodWorker.java:128)
	at java.util.ArrayList.forEach(Unknown Source)
	at org.testng.TestRunner.privateRun(TestRunner.java:766)
	at org.testng.TestRunner.run(TestRunner.java:587)
	at org.testng.SuiteRunner.runTest(SuiteRunner.java:384)
	at org.testng.SuiteRunner.runSequentially(SuiteRunner.java:378)
	at org.testng.SuiteRunner.privateRun(SuiteRunner.java:337)
	at org.testng.SuiteRunner.run(SuiteRunner.java:286)
	at org.testng.SuiteRunnerWorker.runSuite(SuiteRunnerWorker.java:53)
	at org.testng.SuiteRunnerWorker.run(SuiteRunnerWorker.java:96)
	at org.testng.TestNG.runSuitesSequentially(TestNG.java:1187)
	at org.testng.TestNG.runSuitesLocally(TestNG.java:1109)
	at org.testng.TestNG.runSuites(TestNG.java:1039)
	at org.testng.TestNG.run(TestNG.java:1007)
	at org.testng.remote.AbstractRemoteTestNG.run(AbstractRemoteTestNG.java:115)
	at org.testng.remote.RemoteTestNG.initAndRun(RemoteTestNG.java:251)
	at org.testng.remote.RemoteTestNG.main(RemoteTestNG.java:77)
</pre></div></td>
<td>0</td>
<td>WebRiskTests.WebRiskBasisTestPHVOK@27d415d9</td></tr>
<tr>
<td title='WebRiskTests.WebRiskBasisTestPHVOK.BasisRisiko()'><b>BasisRisiko</b><br>Test class: WebRiskTests.WebRiskBasisTestPHVOK<br>Parameters: PHV-2, 01.01.45, //li[contains(.,'Single mit/ohne Kind')], //li[contains(.,'50 Mio.')], //li[contains(.,'jährlich')], 56,25 €</td>
<td><div><pre>java.lang.NumberFormatException: null
	at java.lang.Integer.parseInt(Unknown Source)
	at java.lang.Integer.valueOf(Unknown Source)
	at WebRiskTests.WebRiskBasisTestPHVOK.Setup(WebRiskBasisTestPHVOK.java:67)
	at WebRiskTests.WebRiskBasisTestPHVOK.BasisanmeldungTarifauwahl(WebRiskBasisTestPHVOK.java:175)
	at WebRiskTests.WebRiskBasisTestPHVOK.BasisRisiko(WebRiskBasisTestPHVOK.java:262)
	at java.util.ArrayList.forEach(Unknown Source)
... Removed 27 stack frames</pre></div><a href='#' onClick='toggleBox("stack-trace1464191502", this, "Click to show all stack frames", "Click to hide stack frames")'>Click to show all stack frames</a>
<div class='stack-trace' id='stack-trace1464191502'><pre>java.lang.NumberFormatException: null
	at java.lang.Integer.parseInt(Unknown Source)
	at java.lang.Integer.valueOf(Unknown Source)
	at WebRiskTests.WebRiskBasisTestPHVOK.Setup(WebRiskBasisTestPHVOK.java:67)
	at WebRiskTests.WebRiskBasisTestPHVOK.BasisanmeldungTarifauwahl(WebRiskBasisTestPHVOK.java:175)
	at WebRiskTests.WebRiskBasisTestPHVOK.BasisRisiko(WebRiskBasisTestPHVOK.java:262)
	at sun.reflect.NativeMethodAccessorImpl.invoke0(Native Method)
	at sun.reflect.NativeMethodAccessorImpl.invoke(Unknown Source)
	at sun.reflect.DelegatingMethodAccessorImpl.invoke(Unknown Source)
	at java.lang.reflect.Method.invoke(Unknown Source)
	at org.testng.internal.MethodInvocationHelper.invokeMethod(MethodInvocationHelper.java:134)
	at org.testng.internal.TestInvoker.invokeMethod(TestInvoker.java:597)
	at org.testng.internal.TestInvoker.invokeTestMethod(TestInvoker.java:173)
	at org.testng.internal.MethodRunner.runInSequence(MethodRunner.java:46)
	at org.testng.internal.TestInvoker$MethodInvocationAgent.invoke(TestInvoker.java:816)
	at org.testng.internal.TestInvoker.invokeTestMethods(TestInvoker.java:146)
	at org.testng.internal.TestMethodWorker.invokeTestMethods(TestMethodWorker.java:146)
	at org.testng.internal.TestMethodWorker.run(TestMethodWorker.java:128)
	at java.util.ArrayList.forEach(Unknown Source)
	at org.testng.TestRunner.privateRun(TestRunner.java:766)
	at org.testng.TestRunner.run(TestRunner.java:587)
	at org.testng.SuiteRunner.runTest(SuiteRunner.java:384)
	at org.testng.SuiteRunner.runSequentially(SuiteRunner.java:378)
	at org.testng.SuiteRunner.privateRun(SuiteRunner.java:337)
	at org.testng.SuiteRunner.run(SuiteRunner.java:286)
	at org.testng.SuiteRunnerWorker.runSuite(SuiteRunnerWorker.java:53)
	at org.testng.SuiteRunnerWorker.run(SuiteRunnerWorker.java:96)
	at org.testng.TestNG.runSuitesSequentially(TestNG.java:1187)
	at org.testng.TestNG.runSuitesLocally(TestNG.java:1109)
	at org.testng.TestNG.runSuites(TestNG.java:1039)
	at org.testng.TestNG.run(TestNG.java:1007)
	at org.testng.remote.AbstractRemoteTestNG.run(AbstractRemoteTestNG.java:115)
	at org.testng.remote.RemoteTestNG.initAndRun(RemoteTestNG.java:251)
	at org.testng.remote.RemoteTestNG.main(RemoteTestNG.java:77)
</pre></div></td>
<td>0</td>
<td>WebRiskTests.WebRiskBasisTestPHVOK@27d415d9</td></tr>
</table><p>
<table width='100%' border='1' class='invocation-passed'>
<tr><td colspan='4' align='center'><b>PASSED TESTS</b></td></tr>
<tr><td><b>Test method</b></td>
<td width="30%"><b>Exception</b></td>
<td width="10%"><b>Time (seconds)</b></td>
<td><b>Instance</b></td>
</tr>
<tr>
<td title='WebRiskSteuerung.WebRishPHVTestSteuerung.PropertiesSetzen()'><b>PropertiesSetzen</b><br>Test class: WebRiskSteuerung.WebRishPHVTestSteuerung<br>Parameters: PDF-Druck</td>
<td></td>
<td>0</td>
<td>WebRiskSteuerung.WebRishPHVTestSteuerung@52f759d7</td></tr>
<tr>
<td title='WebRiskSteuerung.WebRishPHVTestSteuerung.PropertiesSetzen()'><b>PropertiesSetzen</b><br>Test class: WebRiskSteuerung.WebRishPHVTestSteuerung<br>Parameters: Applitools</td>
<td></td>
<td>0</td>
<td>WebRiskSteuerung.WebRishPHVTestSteuerung@704921a5</td></tr>
</table><p>
</body>
</html>