<?xml version="1.0" encoding="UTF-8"?>
<!-- Generated by org.testng.reporters.JUnitXMLReporter -->
<testsuite ignored="0" hostname="forsa-vm31" failures="4" tests="6" name="TZP-Serveral-User-Mails-Lesen-GG" time="34.474" errors="0" timestamp="2021-06-24T16:15:54 CEST">
  <testcase classname="TopZinsPortal.TZPCheckEMailsSeveralUserGG" name="TZPCheckEMailSeveralUserGGTest" time="9.198">
    <failure type="java.lang.AssertionError" message="The following asserts failed:
	expected [true] but found [false]">
      <![CDATA[java.lang.AssertionError: The following asserts failed:
expected [true] but found [false]
at TopZinsPortal.TZPCheckEMailsSeveralUserGG.TZPCheckEMailSeveralUserGGTest(TZPCheckEMailsSeveralUserGG.java:126)
at java.base/java.util.ArrayList.forEach(ArrayList.java:1511)
... Removed 29 stack frames]]>
    </failure>
  </testcase> <!-- TZPCheckEMailSeveralUserGGTest -->
  <testcase classname="TopZinsPortal.TZPCheckEMailsSeveralUserGG" name="TZPCheckEMailSeveralUserGGTest" time="4.515"/>
  <testcase classname="TopZinsPortal.TZPCheckEMailsSeveralUserGG" name="TZPCheckEMailSeveralUserGGTest" time="4.512">
    <failure type="java.lang.AssertionError" message="The following asserts failed:
	expected [true] but found [false]">
      <![CDATA[java.lang.AssertionError: The following asserts failed:
expected [true] but found [false]
at TopZinsPortal.TZPCheckEMailsSeveralUserGG.TZPCheckEMailSeveralUserGGTest(TZPCheckEMailsSeveralUserGG.java:126)
at java.base/java.util.ArrayList.forEach(ArrayList.java:1511)
... Removed 29 stack frames]]>
    </failure>
  </testcase> <!-- TZPCheckEMailSeveralUserGGTest -->
  <testcase classname="TopZinsPortal.TZPCheckEMailsSeveralUserGG" name="TZPCheckEMailSeveralUserGGTest" time="5.953">
    <failure type="java.lang.AssertionError" message="The following asserts failed:
	expected [true] but found [false]">
      <![CDATA[java.lang.AssertionError: The following asserts failed:
expected [true] but found [false]
at TopZinsPortal.TZPCheckEMailsSeveralUserGG.TZPCheckEMailSeveralUserGGTest(TZPCheckEMailsSeveralUserGG.java:126)
at java.base/java.util.ArrayList.forEach(ArrayList.java:1511)
... Removed 29 stack frames]]>
    </failure>
  </testcase> <!-- TZPCheckEMailSeveralUserGGTest -->
  <testcase classname="TopZinsPortal.TZPCheckEMailsSeveralUserGG" name="TZPCheckEMailSeveralUserGGTest" time="4.511"/>
  <testcase classname="TopZinsPortal.TZPCheckEMailsSeveralUserGG" name="TZPCheckEMailSeveralUserGGTest" time="4.51">
    <failure type="java.lang.AssertionError" message="The following asserts failed:
	expected [true] but found [false]">
      <![CDATA[java.lang.AssertionError: The following asserts failed:
expected [true] but found [false]
at TopZinsPortal.TZPCheckEMailsSeveralUserGG.TZPCheckEMailSeveralUserGGTest(TZPCheckEMailsSeveralUserGG.java:126)
at java.base/java.util.ArrayList.forEach(ArrayList.java:1511)
... Removed 29 stack frames]]>
    </failure>
  </testcase> <!-- TZPCheckEMailSeveralUserGGTest -->
</testsuite> <!-- TZP-Serveral-User-Mails-Lesen-GG -->
