<?xml version="1.0" encoding="UTF-8"?>
<!-- Generated by org.testng.reporters.JUnitXMLReporter -->
<testsuite ignored="0" hostname="forsa-vm31" failures="10" tests="12" name="TZP-Lesen E-Mails-GG" time="65.138" errors="0" timestamp="2021-06-22T15:04:16 CEST">
  <testcase classname="TopZinsPortal.TZPCheckEMailsGG" name="TZPCheckEMailGGTest" time="6.707">
    <failure type="java.lang.AssertionError" message="The following asserts failed:
	expected [true] but found [false]">
      <![CDATA[java.lang.AssertionError: The following asserts failed:
expected [true] but found [false]
at TopZinsPortal.TZPCheckEMailsGG.TZPCheckEMailGGTest(TZPCheckEMailsGG.java:127)
at java.base/java.util.ArrayList.forEach(ArrayList.java:1511)
... Removed 29 stack frames]]>
    </failure>
  </testcase> <!-- TZPCheckEMailGGTest -->
  <testcase classname="TopZinsPortal.TZPCheckEMailsGG" name="TZPCheckEMailGGTest" time="7.678">
    <failure type="java.lang.AssertionError" message="The following asserts failed:
	expected [true] but found [false]">
      <![CDATA[java.lang.AssertionError: The following asserts failed:
expected [true] but found [false]
at TopZinsPortal.TZPCheckEMailsGG.TZPCheckEMailGGTest(TZPCheckEMailsGG.java:127)
at java.base/java.util.ArrayList.forEach(ArrayList.java:1511)
... Removed 29 stack frames]]>
    </failure>
  </testcase> <!-- TZPCheckEMailGGTest -->
  <testcase classname="TopZinsPortal.TZPCheckEMailsGG" name="TZPCheckEMailGGTest" time="4.512">
    <failure type="java.lang.AssertionError" message="The following asserts failed:
	expected [true] but found [false]">
      <![CDATA[java.lang.AssertionError: The following asserts failed:
expected [true] but found [false]
at TopZinsPortal.TZPCheckEMailsGG.TZPCheckEMailGGTest(TZPCheckEMailsGG.java:127)
at java.base/java.util.ArrayList.forEach(ArrayList.java:1511)
... Removed 29 stack frames]]>
    </failure>
  </testcase> <!-- TZPCheckEMailGGTest -->
  <testcase classname="TopZinsPortal.TZPCheckEMailsGG" name="TZPCheckEMailGGTest" time="7.613">
    <failure type="java.lang.AssertionError" message="The following asserts failed:
	expected [true] but found [false]">
      <![CDATA[java.lang.AssertionError: The following asserts failed:
expected [true] but found [false]
at TopZinsPortal.TZPCheckEMailsGG.TZPCheckEMailGGTest(TZPCheckEMailsGG.java:127)
at java.base/java.util.ArrayList.forEach(ArrayList.java:1511)
... Removed 29 stack frames]]>
    </failure>
  </testcase> <!-- TZPCheckEMailGGTest -->
  <testcase classname="TopZinsPortal.TZPCheckEMailsGG" name="TZPCheckEMailGGTest" time="4.512">
    <failure type="java.lang.AssertionError" message="The following asserts failed:
	expected [true] but found [false]">
      <![CDATA[java.lang.AssertionError: The following asserts failed:
expected [true] but found [false]
at TopZinsPortal.TZPCheckEMailsGG.TZPCheckEMailGGTest(TZPCheckEMailsGG.java:127)
at java.base/java.util.ArrayList.forEach(ArrayList.java:1511)
... Removed 29 stack frames]]>
    </failure>
  </testcase> <!-- TZPCheckEMailGGTest -->
  <testcase classname="TopZinsPortal.TZPCheckEMailsGG" name="TZPCheckEMailGGTest" time="4.503">
    <failure type="java.lang.AssertionError" message="The following asserts failed:
	expected [true] but found [false]">
      <![CDATA[java.lang.AssertionError: The following asserts failed:
expected [true] but found [false]
at TopZinsPortal.TZPCheckEMailsGG.TZPCheckEMailGGTest(TZPCheckEMailsGG.java:127)
at java.base/java.util.ArrayList.forEach(ArrayList.java:1511)
... Removed 29 stack frames]]>
    </failure>
  </testcase> <!-- TZPCheckEMailGGTest -->
  <testcase classname="TopZinsPortal.TZPCheckEMailsGG" name="TZPCheckEMailGGTest" time="4.506">
    <failure type="java.lang.AssertionError" message="The following asserts failed:
	expected [true] but found [false]">
      <![CDATA[java.lang.AssertionError: The following asserts failed:
expected [true] but found [false]
at TopZinsPortal.TZPCheckEMailsGG.TZPCheckEMailGGTest(TZPCheckEMailsGG.java:127)
at java.base/java.util.ArrayList.forEach(ArrayList.java:1511)
... Removed 29 stack frames]]>
    </failure>
  </testcase> <!-- TZPCheckEMailGGTest -->
  <testcase classname="TopZinsPortal.TZPCheckEMailsGG" name="TZPCheckEMailGGTest" time="4.503">
    <failure type="java.lang.AssertionError" message="The following asserts failed:
	expected [true] but found [false]">
      <![CDATA[java.lang.AssertionError: The following asserts failed:
expected [true] but found [false]
at TopZinsPortal.TZPCheckEMailsGG.TZPCheckEMailGGTest(TZPCheckEMailsGG.java:127)
at java.base/java.util.ArrayList.forEach(ArrayList.java:1511)
... Removed 29 stack frames]]>
    </failure>
  </testcase> <!-- TZPCheckEMailGGTest -->
  <testcase classname="TopZinsPortal.TZPCheckEMailsGG" name="TZPCheckEMailGGTest" time="5.225">
    <failure type="java.lang.AssertionError" message="The following asserts failed:
	expected [true] but found [false]">
      <![CDATA[java.lang.AssertionError: The following asserts failed:
expected [true] but found [false]
at TopZinsPortal.TZPCheckEMailsGG.TZPCheckEMailGGTest(TZPCheckEMailsGG.java:121)
at java.base/java.util.ArrayList.forEach(ArrayList.java:1511)
... Removed 29 stack frames]]>
    </failure>
  </testcase> <!-- TZPCheckEMailGGTest -->
  <testcase classname="TopZinsPortal.TZPCheckEMailsGG" name="TZPCheckEMailGGTest" time="4.515"/>
  <testcase classname="TopZinsPortal.TZPCheckEMailsGG" name="TZPCheckEMailGGTest" time="5.065">
    <failure type="java.lang.AssertionError" message="The following asserts failed:
	expected [true] but found [false]">
      <![CDATA[java.lang.AssertionError: The following asserts failed:
expected [true] but found [false]
at TopZinsPortal.TZPCheckEMailsGG.TZPCheckEMailGGTest(TZPCheckEMailsGG.java:121)
at java.base/java.util.ArrayList.forEach(ArrayList.java:1511)
... Removed 29 stack frames]]>
    </failure>
  </testcase> <!-- TZPCheckEMailGGTest -->
  <testcase classname="TopZinsPortal.TZPCheckEMailsGG" name="TZPCheckEMailGGTest" time="4.505"/>
</testsuite> <!-- TZP-Lesen E-Mails-GG -->
