<?xml version="1.0" encoding="UTF-8"?>
<!-- Generated by org.testng.reporters.JUnitXMLReporter -->
<testsuite ignored="0" hostname="forsa-vm31" failures="3" tests="12" name="TZP-Kontrolle E-Mails-GG" time="68.613" errors="0" timestamp="2021-06-22T15:13:56 CEST">
  <testcase classname="TopZinsPortal.TZPCheckEMailsGG" name="TZPCheckEMailGGTest" time="6.704"/>
  <testcase classname="TopZinsPortal.TZPCheckEMailsGG" name="TZPCheckEMailGGTest" time="8.384"/>
  <testcase classname="TopZinsPortal.TZPCheckEMailsGG" name="TZPCheckEMailGGTest" time="4.518"/>
  <testcase classname="TopZinsPortal.TZPCheckEMailsGG" name="TZPCheckEMailGGTest" time="8.934"/>
  <testcase classname="TopZinsPortal.TZPCheckEMailsGG" name="TZPCheckEMailGGTest" time="4.502"/>
  <testcase classname="TopZinsPortal.TZPCheckEMailsGG" name="TZPCheckEMailGGTest" time="4.511"/>
  <testcase classname="TopZinsPortal.TZPCheckEMailsGG" name="TZPCheckEMailGGTest" time="4.511">
    <failure type="java.lang.AssertionError" message="The following asserts failed:
	expected [true] but found [false]">
      <![CDATA[java.lang.AssertionError: The following asserts failed:
expected [true] but found [false]
at TopZinsPortal.TZPCheckEMailsGG.TZPCheckEMailGGTest(TZPCheckEMailsGG.java:127)
at java.base/java.util.ArrayList.forEach(ArrayList.java:1511)
... Removed 28 stack frames]]>
    </failure>
  </testcase> <!-- TZPCheckEMailGGTest -->
  <testcase classname="TopZinsPortal.TZPCheckEMailsGG" name="TZPCheckEMailGGTest" time="4.515">
    <failure type="java.lang.AssertionError" message="The following asserts failed:
	expected [true] but found [false]">
      <![CDATA[java.lang.AssertionError: The following asserts failed:
expected [true] but found [false]
at TopZinsPortal.TZPCheckEMailsGG.TZPCheckEMailGGTest(TZPCheckEMailsGG.java:127)
at java.base/java.util.ArrayList.forEach(ArrayList.java:1511)
... Removed 28 stack frames]]>
    </failure>
  </testcase> <!-- TZPCheckEMailGGTest -->
  <testcase classname="TopZinsPortal.TZPCheckEMailsGG" name="TZPCheckEMailGGTest" time="6.316"/>
  <testcase classname="TopZinsPortal.TZPCheckEMailsGG" name="TZPCheckEMailGGTest" time="4.507"/>
  <testcase classname="TopZinsPortal.TZPCheckEMailsGG" name="TZPCheckEMailGGTest" time="6.081">
    <failure type="java.lang.AssertionError" message="The following asserts failed:
	expected [true] but found [false]">
      <![CDATA[java.lang.AssertionError: The following asserts failed:
expected [true] but found [false]
at TopZinsPortal.TZPCheckEMailsGG.TZPCheckEMailGGTest(TZPCheckEMailsGG.java:127)
at java.base/java.util.ArrayList.forEach(ArrayList.java:1511)
... Removed 28 stack frames]]>
    </failure>
  </testcase> <!-- TZPCheckEMailGGTest -->
  <testcase classname="TopZinsPortal.TZPCheckEMailsGG" name="TZPCheckEMailGGTest" time="4.509"/>
</testsuite> <!-- TZP-Kontrolle E-Mails-GG -->
