<?xml version="1.0" encoding="UTF-8"?>
<!-- Generated by org.testng.reporters.JUnitReportReporter -->
<testsuite hostname="forsa-vm31" failures="0" tests="1" name="TopZinsPortal.TZPStammdatenGG" time="40.858" errors="1" timestamp="2020-11-03T17:59:03 CET" skipped="0">
  <testcase classname="TopZinsPortal.TZPStammdatenGG" name="TZP_Stamm_GG" time="40.858">
    <error message="session not created
from chrome not reachable
  (Session info: chrome=86.0.4240.183)
Build info: version: &#039;3.141.59&#039;, revision: &#039;e82be7d358&#039;, time: &#039;2018-11-14T08:17:03&#039;
System info: host: &#039;FORSA-VM31&#039;, ip: &#039;10.52.76.82&#039;, os.name: &#039;Windows 10&#039;, os.arch: &#039;amd64&#039;, os.version: &#039;10.0&#039;, java.version: &#039;15&#039;
Driver info: driver.version: ChromeDriver
remote stacktrace: Backtrace:
	Ordinal0 [0x00CFD383+3134339]
	Ordinal0 [0x00BEA171+2007409]
	Ordinal0 [0x00A8AD90+568720]
	Ordinal0 [0x00A81364+529252]
	Ordinal0 [0x00A819FC+530940]
	Ordinal0 [0x00A82C15+535573]
	Ordinal0 [0x00A7DFC5+516037]
	Ordinal0 [0x00A8BF70+573296]
	Ordinal0 [0x00A31916+203030]
	Ordinal0 [0x00A30C1D+199709]
	Ordinal0 [0x00A2EB0B+191243]
	Ordinal0 [0x00A12E77+77431]
	Ordinal0 [0x00A13E3E+81470]
	Ordinal0 [0x00A13DC9+81353]
	Ordinal0 [0x00C00CD9+2100441]
	GetHandleVerifier [0x00E6B75A+1396954]
	GetHandleVerifier [0x00E6B3D9+1396057]
	GetHandleVerifier [0x00E77126+1444518]
	GetHandleVerifier [0x00E6BCE8+1398376]
	Ordinal0 [0x00BF7F51+2064209]
	Ordinal0 [0x00C022EB+2106091]
	Ordinal0 [0x00C02411+2106385]
	Ordinal0 [0x00C149C4+2181572]
	BaseThreadInitThunk [0x755EF989+25]
	RtlGetAppContainerNamedObjectPath [0x76F974B4+228]
	RtlGetAppContainerNamedObjectPath [0x76F97484+180]
" type="org.openqa.selenium.SessionNotCreatedException">
      <![CDATA[org.openqa.selenium.SessionNotCreatedException: session not created
from chrome not reachable
  (Session info: chrome=86.0.4240.183)
Build info: version: '3.141.59', revision: 'e82be7d358', time: '2018-11-14T08:17:03'
System info: host: 'FORSA-VM31', ip: '10.52.76.82', os.name: 'Windows 10', os.arch: 'amd64', os.version: '10.0', java.version: '15'
Driver info: driver.version: ChromeDriver
remote stacktrace: Backtrace:
Ordinal0 [0x00CFD383+3134339]
Ordinal0 [0x00BEA171+2007409]
Ordinal0 [0x00A8AD90+568720]
Ordinal0 [0x00A81364+529252]
Ordinal0 [0x00A819FC+530940]
Ordinal0 [0x00A82C15+535573]
Ordinal0 [0x00A7DFC5+516037]
Ordinal0 [0x00A8BF70+573296]
Ordinal0 [0x00A31916+203030]
Ordinal0 [0x00A30C1D+199709]
Ordinal0 [0x00A2EB0B+191243]
Ordinal0 [0x00A12E77+77431]
Ordinal0 [0x00A13E3E+81470]
Ordinal0 [0x00A13DC9+81353]
Ordinal0 [0x00C00CD9+2100441]
GetHandleVerifier [0x00E6B75A+1396954]
GetHandleVerifier [0x00E6B3D9+1396057]
GetHandleVerifier [0x00E77126+1444518]
GetHandleVerifier [0x00E6BCE8+1398376]
Ordinal0 [0x00BF7F51+2064209]
Ordinal0 [0x00C022EB+2106091]
Ordinal0 [0x00C02411+2106385]
Ordinal0 [0x00C149C4+2181572]
BaseThreadInitThunk [0x755EF989+25]
RtlGetAppContainerNamedObjectPath [0x76F974B4+228]
RtlGetAppContainerNamedObjectPath [0x76F97484+180]

at java.base/jdk.internal.reflect.NativeConstructorAccessorImpl.newInstance0(Native Method)
at java.base/jdk.internal.reflect.NativeConstructorAccessorImpl.newInstance(NativeConstructorAccessorImpl.java:64)
at java.base/jdk.internal.reflect.DelegatingConstructorAccessorImpl.newInstance(DelegatingConstructorAccessorImpl.java:45)
at java.base/java.lang.reflect.Constructor.newInstanceWithCaller(Constructor.java:500)
at java.base/java.lang.reflect.Constructor.newInstance(Constructor.java:481)
at org.openqa.selenium.remote.W3CHandshakeResponse.lambda$errorHandler$0(W3CHandshakeResponse.java:62)
at org.openqa.selenium.remote.HandshakeResponse.lambda$getResponseFunction$0(HandshakeResponse.java:30)
at org.openqa.selenium.remote.ProtocolHandshake.lambda$createSession$0(ProtocolHandshake.java:126)
at java.base/java.util.stream.ReferencePipeline$3$1.accept(ReferencePipeline.java:195)
at java.base/java.util.Spliterators$ArraySpliterator.tryAdvance(Spliterators.java:958)
at java.base/java.util.stream.ReferencePipeline.forEachWithCancel(ReferencePipeline.java:127)
at java.base/java.util.stream.AbstractPipeline.copyIntoWithCancel(AbstractPipeline.java:502)
at java.base/java.util.stream.AbstractPipeline.copyInto(AbstractPipeline.java:488)
at java.base/java.util.stream.AbstractPipeline.wrapAndCopyInto(AbstractPipeline.java:474)
at java.base/java.util.stream.FindOps$FindOp.evaluateSequential(FindOps.java:150)
at java.base/java.util.stream.AbstractPipeline.evaluate(AbstractPipeline.java:234)
at java.base/java.util.stream.ReferencePipeline.findFirst(ReferencePipeline.java:543)
at org.openqa.selenium.remote.ProtocolHandshake.createSession(ProtocolHandshake.java:128)
at org.openqa.selenium.remote.ProtocolHandshake.createSession(ProtocolHandshake.java:74)
at org.openqa.selenium.remote.HttpCommandExecutor.execute(HttpCommandExecutor.java:136)
at org.openqa.selenium.remote.service.DriverCommandExecutor.execute(DriverCommandExecutor.java:83)
at org.openqa.selenium.remote.RemoteWebDriver.execute(RemoteWebDriver.java:552)
at org.openqa.selenium.remote.RemoteWebDriver.startSession(RemoteWebDriver.java:213)
at org.openqa.selenium.remote.RemoteWebDriver.<init>(RemoteWebDriver.java:131)
at org.openqa.selenium.chrome.ChromeDriver.<init>(ChromeDriver.java:181)
at org.openqa.selenium.chrome.ChromeDriver.<init>(ChromeDriver.java:168)
at org.openqa.selenium.chrome.ChromeDriver.<init>(ChromeDriver.java:123)
at Utils.TZPSetupBrowser.BrowserSetup(TZPSetupBrowser.java:29)
at TopZinsPortal.TZPStammdatenGG.Setup(TZPStammdatenGG.java:87)
at TopZinsPortal.TZPStammdatenGG.TZP_Stamm_GG(TZPStammdatenGG.java:265)
at java.base/jdk.internal.reflect.NativeMethodAccessorImpl.invoke0(Native Method)
at java.base/jdk.internal.reflect.NativeMethodAccessorImpl.invoke(NativeMethodAccessorImpl.java:64)
at java.base/jdk.internal.reflect.DelegatingMethodAccessorImpl.invoke(DelegatingMethodAccessorImpl.java:43)
at java.base/java.lang.reflect.Method.invoke(Method.java:564)
at org.testng.internal.MethodInvocationHelper.invokeMethod(MethodInvocationHelper.java:132)
at org.testng.internal.TestInvoker.invokeMethod(TestInvoker.java:599)
at org.testng.internal.TestInvoker.invokeTestMethod(TestInvoker.java:174)
at org.testng.internal.MethodRunner.runInSequence(MethodRunner.java:46)
at org.testng.internal.TestInvoker$MethodInvocationAgent.invoke(TestInvoker.java:822)
at org.testng.internal.TestInvoker.invokeTestMethods(TestInvoker.java:147)
at org.testng.internal.TestMethodWorker.invokeTestMethods(TestMethodWorker.java:146)
at org.testng.internal.TestMethodWorker.run(TestMethodWorker.java:128)
at java.base/java.util.ArrayList.forEach(ArrayList.java:1511)
at org.testng.TestRunner.privateRun(TestRunner.java:764)
at org.testng.TestRunner.run(TestRunner.java:585)
at org.testng.SuiteRunner.runTest(SuiteRunner.java:384)
at org.testng.SuiteRunner.runSequentially(SuiteRunner.java:378)
at org.testng.SuiteRunner.privateRun(SuiteRunner.java:337)
at org.testng.SuiteRunner.run(SuiteRunner.java:286)
at org.testng.SuiteRunnerWorker.runSuite(SuiteRunnerWorker.java:53)
at org.testng.SuiteRunnerWorker.run(SuiteRunnerWorker.java:96)
at org.testng.TestNG.runSuitesSequentially(TestNG.java:1218)
at org.testng.TestNG.runSuitesLocally(TestNG.java:1140)
at org.testng.TestNG.runSuites(TestNG.java:1069)
at org.testng.TestNG.run(TestNG.java:1037)
at org.testng.remote.AbstractRemoteTestNG.run(AbstractRemoteTestNG.java:115)
at org.testng.remote.RemoteTestNG.initAndRun(RemoteTestNG.java:251)
at org.testng.remote.RemoteTestNG.main(RemoteTestNG.java:77)
]]>
    </error>
  </testcase> <!-- TZP_Stamm_GG -->
  <system-out/>
</testsuite> <!-- TopZinsPortal.TZPStammdatenGG -->
