<?xml version="1.0" encoding="UTF-8"?>
<!-- Generated by org.testng.reporters.JUnitReportReporter -->
<testsuite hostname="forsa-vm31" failures="1" tests="4" name="TopZinsPortal.TZPAdminApplitoolScreenshots" time="24.438" errors="1" timestamp="2021-04-15T18:04:12 CEST" skipped="0">
  <testcase classname="TopZinsPortal.TZPAdminApplitoolScreenshots" name="TZPAdminHandelsfreigabeGGTest" time="0.002"/>
  <system-out/>
  <testcase classname="TopZinsPortal.TZPAdminApplitoolScreenshots" name="TZPAdminHandelsfreigabeGGTest" time="5.241">
    <error message="Gemeldeter Fehler: org.openqa.selenium.NoSuchElementException: Cannot locate an element using name=email
For documentation on this error, please visit: https://www.seleniumhq.org/exceptions/no_such_element.html
Build info: version: &#039;3.141.59&#039;, revision: &#039;e82be7d358&#039;, time: &#039;2018-11-14T08:17:03&#039;
System info: host: &#039;FORSA-VM31&#039;, ip: &#039;10.52.76.82&#039;, os.name: &#039;Windows 10&#039;, os.arch: &#039;amd64&#039;, os.version: &#039;10.0&#039;, java.version: &#039;15&#039;
Driver info: driver.version: RemoteWebDriver" type="junit.framework.AssertionFailedError">
      <![CDATA[junit.framework.AssertionFailedError: Gemeldeter Fehler: org.openqa.selenium.NoSuchElementException: Cannot locate an element using name=email
For documentation on this error, please visit: https://www.seleniumhq.org/exceptions/no_such_element.html
Build info: version: '3.141.59', revision: 'e82be7d358', time: '2018-11-14T08:17:03'
System info: host: 'FORSA-VM31', ip: '10.52.76.82', os.name: 'Windows 10', os.arch: 'amd64', os.version: '10.0', java.version: '15'
Driver info: driver.version: RemoteWebDriver
at junit.framework.Assert.fail(Assert.java:47)
at junit.framework.Assert.assertTrue(Assert.java:20)
at Utils.SeleniumUtils.InputText(SeleniumUtils.java:363)
at TopZinsPortal.TZPAdminApplitoolScreenshots.TZPAdminHandelsfreigabeGGTest(TZPAdminApplitoolScreenshots.java:162)
at java.base/jdk.internal.reflect.NativeMethodAccessorImpl.invoke0(Native Method)
at java.base/jdk.internal.reflect.NativeMethodAccessorImpl.invoke(NativeMethodAccessorImpl.java:64)
at java.base/jdk.internal.reflect.DelegatingMethodAccessorImpl.invoke(DelegatingMethodAccessorImpl.java:43)
at java.base/java.lang.reflect.Method.invoke(Method.java:564)
at org.testng.internal.MethodInvocationHelper.invokeMethod(MethodInvocationHelper.java:132)
at org.testng.internal.TestInvoker.invokeMethod(TestInvoker.java:599)
at org.testng.internal.TestInvoker.invokeTestMethod(TestInvoker.java:174)
at org.testng.internal.MethodRunner.runInSequence(MethodRunner.java:46)
at org.testng.internal.TestInvoker$MethodInvocationAgent.invoke(TestInvoker.java:822)
at org.testng.internal.TestInvoker.invokeTestMethods(TestInvoker.java:147)
at org.testng.internal.TestMethodWorker.invokeTestMethods(TestMethodWorker.java:146)
at org.testng.internal.TestMethodWorker.run(TestMethodWorker.java:128)
at java.base/java.util.ArrayList.forEach(ArrayList.java:1511)
at org.testng.TestRunner.privateRun(TestRunner.java:764)
at org.testng.TestRunner.run(TestRunner.java:585)
at org.testng.SuiteRunner.runTest(SuiteRunner.java:384)
at org.testng.SuiteRunner.runSequentially(SuiteRunner.java:378)
at org.testng.SuiteRunner.privateRun(SuiteRunner.java:337)
at org.testng.SuiteRunner.run(SuiteRunner.java:286)
at org.testng.SuiteRunnerWorker.runSuite(SuiteRunnerWorker.java:53)
at org.testng.SuiteRunnerWorker.run(SuiteRunnerWorker.java:96)
at org.testng.TestNG.runSuitesSequentially(TestNG.java:1218)
at org.testng.TestNG.runSuitesLocally(TestNG.java:1140)
at org.testng.TestNG.runSuites(TestNG.java:1069)
at org.testng.TestNG.run(TestNG.java:1037)
at org.testng.remote.AbstractRemoteTestNG.run(AbstractRemoteTestNG.java:115)
at org.testng.remote.RemoteTestNG.initAndRun(RemoteTestNG.java:251)
at org.testng.remote.RemoteTestNG.main(RemoteTestNG.java:77)
]]>
    </error>
  </testcase> <!-- TZPAdminHandelsfreigabeGGTest -->
  <system-out/>
  <testcase classname="TopZinsPortal.TZPAdminApplitoolScreenshots" name="TZPAdminHandelsfreigabeGGTest" time="19.193">
    <failure message="Test &#039;DASHBOARDStage Sprint 37&#039; of &#039;Admin-Forsa&#039; detected differences! See details at: https://eyes.applitools.com/app/batches/00000251783798164534/00000251783798164378?accountId=YtPt0DUaZkajGGdnI6uxvA~~" type="com.applitools.eyes.exceptions.DiffsFoundException">
      <![CDATA[com.applitools.eyes.exceptions.DiffsFoundException: Test 'DASHBOARDStage Sprint 37' of 'Admin-Forsa' detected differences! See details at: https://eyes.applitools.com/app/batches/00000251783798164534/00000251783798164378?accountId=YtPt0DUaZkajGGdnI6uxvA~~
at com.applitools.eyes.EyesBase.logSessionResultsAndThrowException(EyesBase.java:515)
at com.applitools.eyes.EyesBase.close(EyesBase.java:488)
at com.applitools.eyes.selenium.SeleniumEyes.close(SeleniumEyes.java:2127)
at com.applitools.eyes.selenium.Eyes.close(Eyes.java:415)
at com.applitools.eyes.selenium.Eyes.close(Eyes.java:129)
at Utils.SeleniumUtils.ApplitoolsAufnahme(SeleniumUtils.java:61)
at TopZinsPortal.TZPAdminApplitoolScreenshots.TZPAdminHandelsfreigabeGGTest(TZPAdminApplitoolScreenshots.java:173)
at java.base/jdk.internal.reflect.NativeMethodAccessorImpl.invoke0(Native Method)
at java.base/jdk.internal.reflect.NativeMethodAccessorImpl.invoke(NativeMethodAccessorImpl.java:64)
at java.base/jdk.internal.reflect.DelegatingMethodAccessorImpl.invoke(DelegatingMethodAccessorImpl.java:43)
at java.base/java.lang.reflect.Method.invoke(Method.java:564)
at org.testng.internal.MethodInvocationHelper.invokeMethod(MethodInvocationHelper.java:132)
at org.testng.internal.TestInvoker.invokeMethod(TestInvoker.java:599)
at org.testng.internal.TestInvoker.invokeTestMethod(TestInvoker.java:174)
at org.testng.internal.MethodRunner.runInSequence(MethodRunner.java:46)
at org.testng.internal.TestInvoker$MethodInvocationAgent.invoke(TestInvoker.java:822)
at org.testng.internal.TestInvoker.invokeTestMethods(TestInvoker.java:147)
at org.testng.internal.TestMethodWorker.invokeTestMethods(TestMethodWorker.java:146)
at org.testng.internal.TestMethodWorker.run(TestMethodWorker.java:128)
at java.base/java.util.ArrayList.forEach(ArrayList.java:1511)
at org.testng.TestRunner.privateRun(TestRunner.java:764)
at org.testng.TestRunner.run(TestRunner.java:585)
at org.testng.SuiteRunner.runTest(SuiteRunner.java:384)
at org.testng.SuiteRunner.runSequentially(SuiteRunner.java:378)
at org.testng.SuiteRunner.privateRun(SuiteRunner.java:337)
at org.testng.SuiteRunner.run(SuiteRunner.java:286)
at org.testng.SuiteRunnerWorker.runSuite(SuiteRunnerWorker.java:53)
at org.testng.SuiteRunnerWorker.run(SuiteRunnerWorker.java:96)
at org.testng.TestNG.runSuitesSequentially(TestNG.java:1218)
at org.testng.TestNG.runSuitesLocally(TestNG.java:1140)
at org.testng.TestNG.runSuites(TestNG.java:1069)
at org.testng.TestNG.run(TestNG.java:1037)
at org.testng.remote.AbstractRemoteTestNG.run(AbstractRemoteTestNG.java:115)
at org.testng.remote.RemoteTestNG.initAndRun(RemoteTestNG.java:251)
at org.testng.remote.RemoteTestNG.main(RemoteTestNG.java:77)
]]>
    </failure>
  </testcase> <!-- TZPAdminHandelsfreigabeGGTest -->
  <system-out/>
  <testcase classname="TopZinsPortal.TZPAdminApplitoolScreenshots" name="TZPAdminHandelsfreigabeGGTest" time="0.002"/>
  <system-out/>
</testsuite> <!-- TopZinsPortal.TZPAdminApplitoolScreenshots -->
