<?xml version="1.0" encoding="UTF-8"?>
<!-- Generated by org.testng.reporters.JUnitXMLReporter -->
<testsuite ignored="0" hostname="forsa-vm31" failures="1" tests="19" name="TZP-Registrierung-GG" time="132.702" errors="0" timestamp="2021-02-08T13:19:29 CET">
  <testcase classname="TopZinsPortal.TZPRegGG" name="TZPRegGGTest" time="25.618"/>
  <testcase classname="TopZinsPortal.TZPRegGG" name="TZPRegGGTest" time="24.884"/>
  <testcase classname="TopZinsPortal.TZPRegGG" name="TZPRegGGTest" time="24.586"/>
  <testcase classname="TopZinsPortal.TZPRegGG" name="TZPRegGGTest" time="24.573"/>
  <testcase classname="TopZinsPortal.TZPRegGG" name="TZPRegGGTest" time="26.205">
    <failure type="org.openqa.selenium.WebDriverException" message="unknown error: Chrome failed to start: crashed.
  (unknown error: DevToolsActivePort file doesn&amp;apos;t exist)
  (The process started from chrome location C:\Program Files (x86)\Google\Chrome\Application\chrome.exe is no longer running, so ChromeDriver is assuming that Chrome has crashed.)
Build info: version: &amp;apos;3.141.59&amp;apos;, revision: &amp;apos;e82be7d358&amp;apos;, time: &amp;apos;2018-11-14T08:17:03&amp;apos;
System info: host: &amp;apos;FORSA-VM31&amp;apos;, ip: &amp;apos;10.52.76.82&amp;apos;, os.name: &amp;apos;Windows 10&amp;apos;, os.arch: &amp;apos;amd64&amp;apos;, os.version: &amp;apos;10.0&amp;apos;, java.version: &amp;apos;15&amp;apos;
Driver info: driver.version: ChromeDriver
remote stacktrace: Backtrace:
	GetHandleVerifier [0x00FAB963+483]
	GetHandleVerifier [0x00FAB941+449]
	GetHandleVerifier [0x01353308+3832712]
	GetHandleVerifier [0x01369FA6+3926054]
	GetHandleVerifier [0x01367D9C+3917340]
	GetHandleVerifier [0x0138E7FE+4075646]
	GetHandleVerifier [0x0138E56C+4074988]
	GetHandleVerifier [0x0138B2EB+4062059]
	GetHandleVerifier [0x0136ED14+3945876]
	GetHandleVerifier [0x0136FBCE+3949646]
	GetHandleVerifier [0x0136FB59+3949529]
	Ordinal0 [0x00F6B5CC+46540]
	Ordinal0 [0x00F69F53+40787]
	Ordinal0 [0x00F69B12+39698]
	GetHandleVerifier [0x01271468+2907368]
	GetHandleVerifier [0x010B71EE+1096302]
	GetHandleVerifier [0x01073E8D+821005]
	GetHandleVerifier [0x0107396B+819691]
	GetHandleVerifier [0x01073881+819457]
	GetHandleVerifier [0x0109F463+998627]
	BaseThreadInitThunk [0x76ACFA29+25]
	RtlGetAppContainerNamedObjectPath [0x779075F4+228]
	RtlGetAppContainerNamedObjectPath [0x779075C4+180]
">
      <![CDATA[org.openqa.selenium.WebDriverException: unknown error: Chrome failed to start: crashed.
  (unknown error: DevToolsActivePort file doesn't exist)
  (The process started from chrome location C:\Program Files (x86)\Google\Chrome\Application\chrome.exe is no longer running, so ChromeDriver is assuming that Chrome has crashed.)
Build info: version: '3.141.59', revision: 'e82be7d358', time: '2018-11-14T08:17:03'
System info: host: 'FORSA-VM31', ip: '10.52.76.82', os.name: 'Windows 10', os.arch: 'amd64', os.version: '10.0', java.version: '15'
Driver info: driver.version: ChromeDriver
remote stacktrace: Backtrace:
GetHandleVerifier [0x00FAB963+483]
GetHandleVerifier [0x00FAB941+449]
GetHandleVerifier [0x01353308+3832712]
GetHandleVerifier [0x01369FA6+3926054]
GetHandleVerifier [0x01367D9C+3917340]
GetHandleVerifier [0x0138E7FE+4075646]
GetHandleVerifier [0x0138E56C+4074988]
GetHandleVerifier [0x0138B2EB+4062059]
GetHandleVerifier [0x0136ED14+3945876]
GetHandleVerifier [0x0136FBCE+3949646]
GetHandleVerifier [0x0136FB59+3949529]
Ordinal0 [0x00F6B5CC+46540]
Ordinal0 [0x00F69F53+40787]
Ordinal0 [0x00F69B12+39698]
GetHandleVerifier [0x01271468+2907368]
GetHandleVerifier [0x010B71EE+1096302]
GetHandleVerifier [0x01073E8D+821005]
GetHandleVerifier [0x0107396B+819691]
GetHandleVerifier [0x01073881+819457]
GetHandleVerifier [0x0109F463+998627]
BaseThreadInitThunk [0x76ACFA29+25]
RtlGetAppContainerNamedObjectPath [0x779075F4+228]
RtlGetAppContainerNamedObjectPath [0x779075C4+180]

at org.openqa.selenium.remote.W3CHandshakeResponse.lambda$errorHandler$0(W3CHandshakeResponse.java:62)
at org.openqa.selenium.remote.HandshakeResponse.lambda$getResponseFunction$0(HandshakeResponse.java:30)
at org.openqa.selenium.remote.ProtocolHandshake.lambda$createSession$0(ProtocolHandshake.java:126)
at java.base/java.util.stream.ReferencePipeline$3$1.accept(ReferencePipeline.java:195)
at java.base/java.util.Spliterators$ArraySpliterator.tryAdvance(Spliterators.java:958)
at java.base/java.util.stream.ReferencePipeline.forEachWithCancel(ReferencePipeline.java:127)
at java.base/java.util.stream.AbstractPipeline.copyIntoWithCancel(AbstractPipeline.java:502)
at java.base/java.util.stream.AbstractPipeline.copyInto(AbstractPipeline.java:488)
at java.base/java.util.stream.AbstractPipeline.wrapAndCopyInto(AbstractPipeline.java:474)
at java.base/java.util.stream.FindOps$FindOp.evaluateSequential(FindOps.java:150)
at java.base/java.util.stream.AbstractPipeline.evaluate(AbstractPipeline.java:234)
at java.base/java.util.stream.ReferencePipeline.findFirst(ReferencePipeline.java:543)
at org.openqa.selenium.remote.ProtocolHandshake.createSession(ProtocolHandshake.java:128)
at org.openqa.selenium.remote.ProtocolHandshake.createSession(ProtocolHandshake.java:74)
at org.openqa.selenium.remote.HttpCommandExecutor.execute(HttpCommandExecutor.java:136)
at org.openqa.selenium.remote.service.DriverCommandExecutor.execute(DriverCommandExecutor.java:83)
at org.openqa.selenium.remote.RemoteWebDriver.execute(RemoteWebDriver.java:552)
at org.openqa.selenium.remote.RemoteWebDriver.startSession(RemoteWebDriver.java:213)
at org.openqa.selenium.remote.RemoteWebDriver.<init>(RemoteWebDriver.java:131)
at org.openqa.selenium.chrome.ChromeDriver.<init>(ChromeDriver.java:181)
at org.openqa.selenium.chrome.ChromeDriver.<init>(ChromeDriver.java:168)
at org.openqa.selenium.chrome.ChromeDriver.<init>(ChromeDriver.java:157)
at Utils.TZPSetupBrowser.BrowserSetup(TZPSetupBrowser.java:63)
at TopZinsPortal.TZPRegGG.SetupSeleniumTestdaten(TZPRegGG.java:72)
at TopZinsPortal.TZPRegGG.TZPRegGGTest(TZPRegGG.java:231)
at java.base/java.util.ArrayList.forEach(ArrayList.java:1511)
... Removed 32 stack frames]]>
    </failure>
  </testcase> <!-- TZPRegGGTest -->
  <testcase classname="TopZinsPortal.TZPRegGG" name="TZPRegGGTest" time="0.002"/>
  <testcase classname="TopZinsPortal.TZPRegGG" name="TZPRegGGTest" time="0.001"/>
  <testcase classname="TopZinsPortal.TZPRegGG" name="TZPRegGGTest" time="0.002"/>
  <testcase classname="TopZinsPortal.TZPRegGG" name="TZPRegGGTest" time="0.001"/>
  <testcase classname="TopZinsPortal.TZPRegGG" name="TZPRegGGTest" time="0.001"/>
  <testcase classname="TopZinsPortal.TZPRegGG" name="TZPRegGGTest" time="0.001"/>
  <testcase classname="TopZinsPortal.TZPRegGG" name="TZPRegGGTest" time="0.001"/>
  <testcase classname="TopZinsPortal.TZPRegGG" name="TZPRegGGTest" time="0.0"/>
  <testcase classname="TopZinsPortal.TZPRegGG" name="TZPRegGGTest" time="0.0"/>
  <testcase classname="TopZinsPortal.TZPRegGG" name="TZPRegGGTest" time="0.001"/>
  <testcase classname="TopZinsPortal.TZPRegGG" name="TZPRegGGTest" time="0.001"/>
  <testcase classname="TopZinsPortal.TZPRegGG" name="TZPRegGGTest" time="0.0"/>
  <testcase classname="TopZinsPortal.TZPRegGG" name="TZPRegGGTest" time="0.0"/>
  <testcase classname="TopZinsPortal.TZPRegGG" name="TZPRegGGTest" time="0.001"/>
</testsuite> <!-- TZP-Registrierung-GG -->
