<?xml version="1.0" encoding="UTF-8"?>
<!-- Generated by org.testng.reporters.JUnitXMLReporter -->
<testsuite ignored="0" hostname="forsa-vm31" failures="10" tests="23" name="TZP-Kontrolle E-Mails-GN" time="124.973" errors="0" timestamp="2021-06-22T15:51:19 CEST">
  <testcase classname="TopZinsPortal.TZPCheckEMailsGN" name="TZPCheckEMailsGNTest" time="6.101"/>
  <testcase classname="TopZinsPortal.TZPCheckEMailsGN" name="TZPCheckEMailsGNTest" time="8.811"/>
  <testcase classname="TopZinsPortal.TZPCheckEMailsGN" name="TZPCheckEMailsGNTest" time="4.507"/>
  <testcase classname="TopZinsPortal.TZPCheckEMailsGN" name="TZPCheckEMailsGNTest" time="8.901"/>
  <testcase classname="TopZinsPortal.TZPCheckEMailsGN" name="TZPCheckEMailsGNTest" time="4.515"/>
  <testcase classname="TopZinsPortal.TZPCheckEMailsGN" name="TZPCheckEMailsGNTest" time="4.516"/>
  <testcase classname="TopZinsPortal.TZPCheckEMailsGN" name="TZPCheckEMailsGNTest" time="4.514">
    <failure type="java.lang.AssertionError" message="The following asserts failed:
	expected [true] but found [false]">
      <![CDATA[java.lang.AssertionError: The following asserts failed:
expected [true] but found [false]
at TopZinsPortal.TZPCheckEMailsGN.TZPCheckEMailsGNTest(TZPCheckEMailsGN.java:125)
at java.base/java.util.ArrayList.forEach(ArrayList.java:1511)
... Removed 28 stack frames]]>
    </failure>
  </testcase> <!-- TZPCheckEMailsGNTest -->
  <testcase classname="TopZinsPortal.TZPCheckEMailsGN" name="TZPCheckEMailsGNTest" time="4.501">
    <failure type="java.lang.AssertionError" message="The following asserts failed:
	expected [true] but found [false]">
      <![CDATA[java.lang.AssertionError: The following asserts failed:
expected [true] but found [false]
at TopZinsPortal.TZPCheckEMailsGN.TZPCheckEMailsGNTest(TZPCheckEMailsGN.java:125)
at java.base/java.util.ArrayList.forEach(ArrayList.java:1511)
... Removed 28 stack frames]]>
    </failure>
  </testcase> <!-- TZPCheckEMailsGNTest -->
  <testcase classname="TopZinsPortal.TZPCheckEMailsGN" name="TZPCheckEMailsGNTest" time="4.516">
    <failure type="java.lang.AssertionError" message="The following asserts failed:
	expected [true] but found [false]">
      <![CDATA[java.lang.AssertionError: The following asserts failed:
expected [true] but found [false]
at TopZinsPortal.TZPCheckEMailsGN.TZPCheckEMailsGNTest(TZPCheckEMailsGN.java:125)
at java.base/java.util.ArrayList.forEach(ArrayList.java:1511)
... Removed 28 stack frames]]>
    </failure>
  </testcase> <!-- TZPCheckEMailsGNTest -->
  <testcase classname="TopZinsPortal.TZPCheckEMailsGN" name="TZPCheckEMailsGNTest" time="8.038"/>
  <testcase classname="TopZinsPortal.TZPCheckEMailsGN" name="TZPCheckEMailsGNTest" time="4.509"/>
  <testcase classname="TopZinsPortal.TZPCheckEMailsGN" name="TZPCheckEMailsGNTest" time="5.342">
    <failure type="java.lang.AssertionError" message="The following asserts failed:
	expected [true] but found [false]">
      <![CDATA[java.lang.AssertionError: The following asserts failed:
expected [true] but found [false]
at TopZinsPortal.TZPCheckEMailsGN.TZPCheckEMailsGNTest(TZPCheckEMailsGN.java:125)
at java.base/java.util.ArrayList.forEach(ArrayList.java:1511)
... Removed 28 stack frames]]>
    </failure>
  </testcase> <!-- TZPCheckEMailsGNTest -->
  <testcase classname="TopZinsPortal.TZPCheckEMailsGN" name="TZPCheckEMailsGNTest" time="4.506"/>
  <testcase classname="TopZinsPortal.TZPCheckEMailsGN" name="TZPCheckEMailsGNTest" time="7.428">
    <failure type="java.lang.AssertionError" message="The following asserts failed:
	expected [true] but found [false]">
      <![CDATA[java.lang.AssertionError: The following asserts failed:
expected [true] but found [false]
at TopZinsPortal.TZPCheckEMailsGN.TZPCheckEMailsGNTest(TZPCheckEMailsGN.java:125)
at java.base/java.util.ArrayList.forEach(ArrayList.java:1511)
... Removed 28 stack frames]]>
    </failure>
  </testcase> <!-- TZPCheckEMailsGNTest -->
  <testcase classname="TopZinsPortal.TZPCheckEMailsGN" name="TZPCheckEMailsGNTest" time="4.515"/>
  <testcase classname="TopZinsPortal.TZPCheckEMailsGN" name="TZPCheckEMailsGNTest" time="4.505"/>
  <testcase classname="TopZinsPortal.TZPCheckEMailsGN" name="TZPCheckEMailsGNTest" time="4.507">
    <failure type="java.lang.AssertionError" message="The following asserts failed:
	expected [true] but found [false]">
      <![CDATA[java.lang.AssertionError: The following asserts failed:
expected [true] but found [false]
at TopZinsPortal.TZPCheckEMailsGN.TZPCheckEMailsGNTest(TZPCheckEMailsGN.java:125)
at java.base/java.util.ArrayList.forEach(ArrayList.java:1511)
... Removed 28 stack frames]]>
    </failure>
  </testcase> <!-- TZPCheckEMailsGNTest -->
  <testcase classname="TopZinsPortal.TZPCheckEMailsGN" name="TZPCheckEMailsGNTest" time="4.504">
    <failure type="java.lang.AssertionError" message="The following asserts failed:
	expected [true] but found [false]">
      <![CDATA[java.lang.AssertionError: The following asserts failed:
expected [true] but found [false]
at TopZinsPortal.TZPCheckEMailsGN.TZPCheckEMailsGNTest(TZPCheckEMailsGN.java:125)
at java.base/java.util.ArrayList.forEach(ArrayList.java:1511)
... Removed 28 stack frames]]>
    </failure>
  </testcase> <!-- TZPCheckEMailsGNTest -->
  <testcase classname="TopZinsPortal.TZPCheckEMailsGN" name="TZPCheckEMailsGNTest" time="7.534">
    <failure type="java.lang.AssertionError" message="The following asserts failed:
	expected [true] but found [false]">
      <![CDATA[java.lang.AssertionError: The following asserts failed:
expected [true] but found [false]
at TopZinsPortal.TZPCheckEMailsGN.TZPCheckEMailsGNTest(TZPCheckEMailsGN.java:125)
at java.base/java.util.ArrayList.forEach(ArrayList.java:1511)
... Removed 28 stack frames]]>
    </failure>
  </testcase> <!-- TZPCheckEMailsGNTest -->
  <testcase classname="TopZinsPortal.TZPCheckEMailsGN" name="TZPCheckEMailsGNTest" time="4.512"/>
  <testcase classname="TopZinsPortal.TZPCheckEMailsGN" name="TZPCheckEMailsGNTest" time="4.503"/>
  <testcase classname="TopZinsPortal.TZPCheckEMailsGN" name="TZPCheckEMailsGNTest" time="4.51">
    <failure type="java.lang.AssertionError" message="The following asserts failed:
	expected [true] but found [false]">
      <![CDATA[java.lang.AssertionError: The following asserts failed:
expected [true] but found [false]
at TopZinsPortal.TZPCheckEMailsGN.TZPCheckEMailsGNTest(TZPCheckEMailsGN.java:125)
at java.base/java.util.ArrayList.forEach(ArrayList.java:1511)
... Removed 28 stack frames]]>
    </failure>
  </testcase> <!-- TZPCheckEMailsGNTest -->
  <testcase classname="TopZinsPortal.TZPCheckEMailsGN" name="TZPCheckEMailsGNTest" time="4.505">
    <failure type="java.lang.AssertionError" message="The following asserts failed:
	expected [true] but found [false]">
      <![CDATA[java.lang.AssertionError: The following asserts failed:
expected [true] but found [false]
at TopZinsPortal.TZPCheckEMailsGN.TZPCheckEMailsGNTest(TZPCheckEMailsGN.java:125)
at java.base/java.util.ArrayList.forEach(ArrayList.java:1511)
... Removed 28 stack frames]]>
    </failure>
  </testcase> <!-- TZPCheckEMailsGNTest -->
</testsuite> <!-- TZP-Kontrolle E-Mails-GN -->
