<?xml version="1.0" encoding="UTF-8"?>
<!-- Generated by org.testng.reporters.JUnitXMLReporter -->
<testsuite ignored="0" hostname="forsa-vm31" failures="8" tests="10" name="TZP-Serveral-User-Mails-Lesen-GG" time="50.753" errors="0" timestamp="2021-07-21T11:18:20 CEST">
  <testcase classname="TopZinsPortal.TZPCheckEMailsSeveralUserGG" name="TZPCheckEMailSeveralUserGGTest" time="4.513"/>
  <testcase classname="TopZinsPortal.TZPCheckEMailsSeveralUserGG" name="TZPCheckEMailSeveralUserGGTest" time="8.187">
    <failure type="java.lang.AssertionError" message="The following asserts failed:
	expected [true] but found [false]">
      <![CDATA[java.lang.AssertionError: The following asserts failed:
expected [true] but found [false]
at TopZinsPortal.TZPCheckEMailsSeveralUserGG.TZPCheckEMailSeveralUserGGTest(TZPCheckEMailsSeveralUserGG.java:126)
at java.base/java.util.ArrayList.forEach(ArrayList.java:1511)
... Removed 29 stack frames]]>
    </failure>
  </testcase> <!-- TZPCheckEMailSeveralUserGGTest -->
  <testcase classname="TopZinsPortal.TZPCheckEMailsSeveralUserGG" name="TZPCheckEMailSeveralUserGGTest" time="4.506">
    <failure type="java.lang.AssertionError" message="The following asserts failed:
	expected [true] but found [false]">
      <![CDATA[java.lang.AssertionError: The following asserts failed:
expected [true] but found [false]
at TopZinsPortal.TZPCheckEMailsSeveralUserGG.TZPCheckEMailSeveralUserGGTest(TZPCheckEMailsSeveralUserGG.java:126)
at java.base/java.util.ArrayList.forEach(ArrayList.java:1511)
... Removed 29 stack frames]]>
    </failure>
  </testcase> <!-- TZPCheckEMailSeveralUserGGTest -->
  <testcase classname="TopZinsPortal.TZPCheckEMailsSeveralUserGG" name="TZPCheckEMailSeveralUserGGTest" time="4.503">
    <failure type="java.lang.AssertionError" message="The following asserts failed:
	expected [true] but found [false]">
      <![CDATA[java.lang.AssertionError: The following asserts failed:
expected [true] but found [false]
at TopZinsPortal.TZPCheckEMailsSeveralUserGG.TZPCheckEMailSeveralUserGGTest(TZPCheckEMailsSeveralUserGG.java:126)
at java.base/java.util.ArrayList.forEach(ArrayList.java:1511)
... Removed 29 stack frames]]>
    </failure>
  </testcase> <!-- TZPCheckEMailSeveralUserGGTest -->
  <testcase classname="TopZinsPortal.TZPCheckEMailsSeveralUserGG" name="TZPCheckEMailSeveralUserGGTest" time="4.513">
    <failure type="java.lang.AssertionError" message="The following asserts failed:
	expected [true] but found [false]">
      <![CDATA[java.lang.AssertionError: The following asserts failed:
expected [true] but found [false]
at TopZinsPortal.TZPCheckEMailsSeveralUserGG.TZPCheckEMailSeveralUserGGTest(TZPCheckEMailsSeveralUserGG.java:126)
at java.base/java.util.ArrayList.forEach(ArrayList.java:1511)
... Removed 29 stack frames]]>
    </failure>
  </testcase> <!-- TZPCheckEMailSeveralUserGGTest -->
  <testcase classname="TopZinsPortal.TZPCheckEMailsSeveralUserGG" name="TZPCheckEMailSeveralUserGGTest" time="4.514"/>
  <testcase classname="TopZinsPortal.TZPCheckEMailsSeveralUserGG" name="TZPCheckEMailSeveralUserGGTest" time="5.857">
    <failure type="java.lang.AssertionError" message="The following asserts failed:
	expected [true] but found [false]">
      <![CDATA[java.lang.AssertionError: The following asserts failed:
expected [true] but found [false]
at TopZinsPortal.TZPCheckEMailsSeveralUserGG.TZPCheckEMailSeveralUserGGTest(TZPCheckEMailsSeveralUserGG.java:126)
at java.base/java.util.ArrayList.forEach(ArrayList.java:1511)
... Removed 29 stack frames]]>
    </failure>
  </testcase> <!-- TZPCheckEMailSeveralUserGGTest -->
  <testcase classname="TopZinsPortal.TZPCheckEMailsSeveralUserGG" name="TZPCheckEMailSeveralUserGGTest" time="4.502">
    <failure type="java.lang.AssertionError" message="The following asserts failed:
	expected [true] but found [false]">
      <![CDATA[java.lang.AssertionError: The following asserts failed:
expected [true] but found [false]
at TopZinsPortal.TZPCheckEMailsSeveralUserGG.TZPCheckEMailSeveralUserGGTest(TZPCheckEMailsSeveralUserGG.java:126)
at java.base/java.util.ArrayList.forEach(ArrayList.java:1511)
... Removed 29 stack frames]]>
    </failure>
  </testcase> <!-- TZPCheckEMailSeveralUserGGTest -->
  <testcase classname="TopZinsPortal.TZPCheckEMailsSeveralUserGG" name="TZPCheckEMailSeveralUserGGTest" time="4.512">
    <failure type="java.lang.AssertionError" message="The following asserts failed:
	expected [true] but found [false]">
      <![CDATA[java.lang.AssertionError: The following asserts failed:
expected [true] but found [false]
at TopZinsPortal.TZPCheckEMailsSeveralUserGG.TZPCheckEMailSeveralUserGGTest(TZPCheckEMailsSeveralUserGG.java:126)
at java.base/java.util.ArrayList.forEach(ArrayList.java:1511)
... Removed 29 stack frames]]>
    </failure>
  </testcase> <!-- TZPCheckEMailSeveralUserGGTest -->
  <testcase classname="TopZinsPortal.TZPCheckEMailsSeveralUserGG" name="TZPCheckEMailSeveralUserGGTest" time="4.507">
    <failure type="java.lang.AssertionError" message="The following asserts failed:
	expected [true] but found [false]">
      <![CDATA[java.lang.AssertionError: The following asserts failed:
expected [true] but found [false]
at TopZinsPortal.TZPCheckEMailsSeveralUserGG.TZPCheckEMailSeveralUserGGTest(TZPCheckEMailsSeveralUserGG.java:126)
at java.base/java.util.ArrayList.forEach(ArrayList.java:1511)
... Removed 29 stack frames]]>
    </failure>
  </testcase> <!-- TZPCheckEMailSeveralUserGGTest -->
</testsuite> <!-- TZP-Serveral-User-Mails-Lesen-GG -->
