<?xml version="1.0" encoding="UTF-8"?>
<!-- Generated by org.testng.reporters.JUnitXMLReporter -->
<testsuite ignored="0" hostname="forsa-vm31" failures="12" tests="12" name="TZP-Kontrolle E-Mails-GG" time="61.72" errors="0" timestamp="2021-07-05T08:57:57 CEST">
  <testcase classname="TopZinsPortal.TZPCheckEMailsGG" name="TZPCheckEMailsGGTest" time="6.353">
    <failure type="java.lang.AssertionError" message="The following asserts failed:
	expected [true] but found [false]">
      <![CDATA[java.lang.AssertionError: The following asserts failed:
expected [true] but found [false]
at TopZinsPortal.TZPCheckEMailsGG.TZPCheckEMailsGGTest(TZPCheckEMailsGG.java:121)
at java.base/java.util.ArrayList.forEach(ArrayList.java:1511)
... Removed 29 stack frames]]>
    </failure>
  </testcase> <!-- TZPCheckEMailsGGTest -->
  <testcase classname="TopZinsPortal.TZPCheckEMailsGG" name="TZPCheckEMailsGGTest" time="6.303">
    <failure type="java.lang.AssertionError" message="The following asserts failed:
	expected [true] but found [false]">
      <![CDATA[java.lang.AssertionError: The following asserts failed:
expected [true] but found [false]
at TopZinsPortal.TZPCheckEMailsGG.TZPCheckEMailsGGTest(TZPCheckEMailsGG.java:121)
at java.base/java.util.ArrayList.forEach(ArrayList.java:1511)
... Removed 29 stack frames]]>
    </failure>
  </testcase> <!-- TZPCheckEMailsGGTest -->
  <testcase classname="TopZinsPortal.TZPCheckEMailsGG" name="TZPCheckEMailsGGTest" time="4.518">
    <failure type="java.lang.AssertionError" message="The following asserts failed:
	expected [true] but found [false]">
      <![CDATA[java.lang.AssertionError: The following asserts failed:
expected [true] but found [false]
at TopZinsPortal.TZPCheckEMailsGG.TZPCheckEMailsGGTest(TZPCheckEMailsGG.java:127)
at java.base/java.util.ArrayList.forEach(ArrayList.java:1511)
... Removed 29 stack frames]]>
    </failure>
  </testcase> <!-- TZPCheckEMailsGGTest -->
  <testcase classname="TopZinsPortal.TZPCheckEMailsGG" name="TZPCheckEMailsGGTest" time="5.117">
    <failure type="java.lang.AssertionError" message="The following asserts failed:
	expected [true] but found [false]">
      <![CDATA[java.lang.AssertionError: The following asserts failed:
expected [true] but found [false]
at TopZinsPortal.TZPCheckEMailsGG.TZPCheckEMailsGGTest(TZPCheckEMailsGG.java:121)
at java.base/java.util.ArrayList.forEach(ArrayList.java:1511)
... Removed 29 stack frames]]>
    </failure>
  </testcase> <!-- TZPCheckEMailsGGTest -->
  <testcase classname="TopZinsPortal.TZPCheckEMailsGG" name="TZPCheckEMailsGGTest" time="4.507">
    <failure type="java.lang.AssertionError" message="The following asserts failed:
	expected [true] but found [false]">
      <![CDATA[java.lang.AssertionError: The following asserts failed:
expected [true] but found [false]
at TopZinsPortal.TZPCheckEMailsGG.TZPCheckEMailsGGTest(TZPCheckEMailsGG.java:127)
at java.base/java.util.ArrayList.forEach(ArrayList.java:1511)
... Removed 29 stack frames]]>
    </failure>
  </testcase> <!-- TZPCheckEMailsGGTest -->
  <testcase classname="TopZinsPortal.TZPCheckEMailsGG" name="TZPCheckEMailsGGTest" time="4.515">
    <failure type="java.lang.AssertionError" message="The following asserts failed:
	expected [true] but found [false]">
      <![CDATA[java.lang.AssertionError: The following asserts failed:
expected [true] but found [false]
at TopZinsPortal.TZPCheckEMailsGG.TZPCheckEMailsGGTest(TZPCheckEMailsGG.java:127)
at java.base/java.util.ArrayList.forEach(ArrayList.java:1511)
... Removed 29 stack frames]]>
    </failure>
  </testcase> <!-- TZPCheckEMailsGGTest -->
  <testcase classname="TopZinsPortal.TZPCheckEMailsGG" name="TZPCheckEMailsGGTest" time="4.51">
    <failure type="java.lang.AssertionError" message="The following asserts failed:
	expected [true] but found [false]">
      <![CDATA[java.lang.AssertionError: The following asserts failed:
expected [true] but found [false]
at TopZinsPortal.TZPCheckEMailsGG.TZPCheckEMailsGGTest(TZPCheckEMailsGG.java:127)
at java.base/java.util.ArrayList.forEach(ArrayList.java:1511)
... Removed 29 stack frames]]>
    </failure>
  </testcase> <!-- TZPCheckEMailsGGTest -->
  <testcase classname="TopZinsPortal.TZPCheckEMailsGG" name="TZPCheckEMailsGGTest" time="4.518">
    <failure type="java.lang.AssertionError" message="The following asserts failed:
	expected [true] but found [false]">
      <![CDATA[java.lang.AssertionError: The following asserts failed:
expected [true] but found [false]
at TopZinsPortal.TZPCheckEMailsGG.TZPCheckEMailsGGTest(TZPCheckEMailsGG.java:127)
at java.base/java.util.ArrayList.forEach(ArrayList.java:1511)
... Removed 29 stack frames]]>
    </failure>
  </testcase> <!-- TZPCheckEMailsGGTest -->
  <testcase classname="TopZinsPortal.TZPCheckEMailsGG" name="TZPCheckEMailsGGTest" time="5.511">
    <failure type="java.lang.AssertionError" message="The following asserts failed:
	expected [true] but found [false]">
      <![CDATA[java.lang.AssertionError: The following asserts failed:
expected [true] but found [false]
at TopZinsPortal.TZPCheckEMailsGG.TZPCheckEMailsGGTest(TZPCheckEMailsGG.java:121)
at java.base/java.util.ArrayList.forEach(ArrayList.java:1511)
... Removed 29 stack frames]]>
    </failure>
  </testcase> <!-- TZPCheckEMailsGGTest -->
  <testcase classname="TopZinsPortal.TZPCheckEMailsGG" name="TZPCheckEMailsGGTest" time="4.503">
    <failure type="java.lang.AssertionError" message="The following asserts failed:
	expected [true] but found [false]">
      <![CDATA[java.lang.AssertionError: The following asserts failed:
expected [true] but found [false]
at TopZinsPortal.TZPCheckEMailsGG.TZPCheckEMailsGGTest(TZPCheckEMailsGG.java:127)
at java.base/java.util.ArrayList.forEach(ArrayList.java:1511)
... Removed 29 stack frames]]>
    </failure>
  </testcase> <!-- TZPCheckEMailsGGTest -->
  <testcase classname="TopZinsPortal.TZPCheckEMailsGG" name="TZPCheckEMailsGGTest" time="5.463">
    <failure type="java.lang.AssertionError" message="The following asserts failed:
	expected [true] but found [false]">
      <![CDATA[java.lang.AssertionError: The following asserts failed:
expected [true] but found [false]
at TopZinsPortal.TZPCheckEMailsGG.TZPCheckEMailsGGTest(TZPCheckEMailsGG.java:121)
at java.base/java.util.ArrayList.forEach(ArrayList.java:1511)
... Removed 29 stack frames]]>
    </failure>
  </testcase> <!-- TZPCheckEMailsGGTest -->
  <testcase classname="TopZinsPortal.TZPCheckEMailsGG" name="TZPCheckEMailsGGTest" time="4.502">
    <failure type="java.lang.AssertionError" message="The following asserts failed:
	expected [true] but found [false]">
      <![CDATA[java.lang.AssertionError: The following asserts failed:
expected [true] but found [false]
at TopZinsPortal.TZPCheckEMailsGG.TZPCheckEMailsGGTest(TZPCheckEMailsGG.java:127)
at java.base/java.util.ArrayList.forEach(ArrayList.java:1511)
... Removed 29 stack frames]]>
    </failure>
  </testcase> <!-- TZPCheckEMailsGGTest -->
</testsuite> <!-- TZP-Kontrolle E-Mails-GG -->
