<html>
<head>
<title>TestNG:  TZP-Serveral-User-Forsa-Admin-Freigabe-GN</title>
<link href="../testng.css" rel="stylesheet" type="text/css" />
<link href="../my-testng.css" rel="stylesheet" type="text/css" />

<style type="text/css">
.log { display: none;} 
.stack-trace { display: none;} 
</style>
<script type="text/javascript">
<!--
function flip(e) {
  current = e.style.display;
  if (current == 'block') {
    e.style.display = 'none';
    return 0;
  }
  else {
    e.style.display = 'block';
    return 1;
  }
}

function toggleBox(szDivId, elem, msg1, msg2)
{
  var res = -1;  if (document.getElementById) {
    res = flip(document.getElementById(szDivId));
  }
  else if (document.all) {
    // this is the way old msie versions work
    res = flip(document.all[szDivId]);
  }
  if(elem) {
    if(res == 0) elem.innerHTML = msg1; else elem.innerHTML = msg2;
  }

}

function toggleAllBoxes() {
  if (document.getElementsByTagName) {
    d = document.getElementsByTagName('div');
    for (i = 0; i < d.length; i++) {
      if (d[i].className == 'log') {
        flip(d[i]);
      }
    }
  }
}

// -->
</script>

</head>
<body>
<h2 align='center'>TZP-Serveral-User-Forsa-Admin-Freigabe-GN</h2><table border='1' align="center">
<tr>
<td>Tests passed/Failed/Skipped:</td><td>2/1/0</td>
</tr><tr>
<td>Started on:</td><td>Fri Jul 16 11:08:27 CEST 2021</td>
</tr>
<tr><td>Total time:</td><td>109 seconds (109370 ms)</td>
</tr><tr>
<td>Included groups:</td><td></td>
</tr><tr>
<td>Excluded groups:</td><td></td>
</tr>
</table><p/>
<small><i>(Hover the method name to see the test class name)</i></small><p/>
<table width='100%' border='1' class='invocation-failed'>
<tr><td colspan='4' align='center'><b>FAILED TESTS</b></td></tr>
<tr><td><b>Test method</b></td>
<td width="30%"><b>Exception</b></td>
<td width="10%"><b>Time (seconds)</b></td>
<td><b>Instance</b></td>
</tr>
<tr>
<td title='TopZinsPortal.TZPSeveralUserGNAdminHandelsfreigabe.TZPSeveralUserAdminHandelsfreigabeGNTest()'><b>TZPSeveralUserAdminHandelsfreigabeGNTest</b><br>Test class: TopZinsPortal.TZPSeveralUserGNAdminHandelsfreigabe<br>Parameters: TZSUGN-TF-003, Ja, bhdr.gn.handel@gmail.com, Test12345!, Frau, TZP Serveral User, GN Eingeladen, TZPSeveralUserGNEingeladen@gmail.com, Test12345!, BHDR-GN-Handel, BHDR, 0049-611-97381-63, Prof., TZP.Serveral.User.gn.Handel, 01.01.1990</td>
<td><div><pre>java.lang.AssertionError: The following asserts failed:
	Gemeldeter Fehler: org.openqa.selenium.NoSuchElementException: no such element: Unable to locate element: {&quot;method&quot;:&quot;xpath&quot;,&quot;selector&quot;:&quot;//div[text() = &apos;BHDR-GN-Handel&apos;]//ancestor::tr[contains(@class, &apos;MuiTableRow-root&apos;)]//button[@type=&apos;button&apos;]&quot;}
  (Session info: chrome=91.0.4472.124)
For documentation on this error, please visit: https://www.seleniumhq.org/exceptions/no_such_element.html
Build info: version: &apos;3.141.59&apos;, revision: &apos;e82be7d358&apos;, time: &apos;2018-11-14T08:17:03&apos;
System info: host: &apos;FORSA-VM31&apos;, ip: &apos;10.52.76.82&apos;, os.name: &apos;Windows 10&apos;, os.arch: &apos;amd64&apos;, os.version: &apos;10.0&apos;, java.version: &apos;15&apos;
Driver info: org.openqa.selenium.chrome.ChromeDriver
Capabilities {acceptInsecureCerts: false, browserName: chrome, browserVersion: 91.0.4472.124, chrome: {chromedriverVersion: 91.0.4472.101 (af52a90bf870..., userDataDir: C:\Users\B22E7~1.DIK\AppDat...}, goog:chromeOptions: {debuggerAddress: localhost:52011}, javascriptEnabled: true, networkConnectionEnabled: false, pageLoadStrategy: normal, platform: WINDOWS, platformName: WINDOWS, proxy: Proxy(), setWindowRect: true, strictFileInteractability: false, timeouts: {implicit: 0, pageLoad: 300000, script: 30000}, unhandledPromptBehavior: dismiss and notify, webauthn:extension:largeBlob: true, webauthn:virtualAuthenticators: true}
Session ID: 64f4113fc91cc1de842713a6df5ae3d8
*** Element info: {Using=xpath, value=//div[text() = &apos;BHDR-GN-Handel&apos;]//ancestor::tr[contains(@class, &apos;MuiTableRow-root&apos;)]//button[@type=&apos;button&apos;]} expected [true] but found [false]
	at Utils.SeleniumUtils.ButtonKlick(SeleniumUtils.java:492)
	at TopZinsPortal.TZPSeveralUserGNAdminHandelsfreigabe.TZPSeveralUserAdminHandelsfreigabeGNTest(TZPSeveralUserGNAdminHandelsfreigabe.java:161)
	at java.base/java.util.ArrayList.forEach(ArrayList.java:1511)
... Removed 29 stack frames</pre></div><a href='#' onClick='toggleBox("stack-trace92737660", this, "Click to show all stack frames", "Click to hide stack frames")'>Click to show all stack frames</a>
<div class='stack-trace' id='stack-trace92737660'><pre>java.lang.AssertionError: The following asserts failed:
	Gemeldeter Fehler: org.openqa.selenium.NoSuchElementException: no such element: Unable to locate element: {&quot;method&quot;:&quot;xpath&quot;,&quot;selector&quot;:&quot;//div[text() = &apos;BHDR-GN-Handel&apos;]//ancestor::tr[contains(@class, &apos;MuiTableRow-root&apos;)]//button[@type=&apos;button&apos;]&quot;}
  (Session info: chrome=91.0.4472.124)
For documentation on this error, please visit: https://www.seleniumhq.org/exceptions/no_such_element.html
Build info: version: &apos;3.141.59&apos;, revision: &apos;e82be7d358&apos;, time: &apos;2018-11-14T08:17:03&apos;
System info: host: &apos;FORSA-VM31&apos;, ip: &apos;10.52.76.82&apos;, os.name: &apos;Windows 10&apos;, os.arch: &apos;amd64&apos;, os.version: &apos;10.0&apos;, java.version: &apos;15&apos;
Driver info: org.openqa.selenium.chrome.ChromeDriver
Capabilities {acceptInsecureCerts: false, browserName: chrome, browserVersion: 91.0.4472.124, chrome: {chromedriverVersion: 91.0.4472.101 (af52a90bf870..., userDataDir: C:\Users\B22E7~1.DIK\AppDat...}, goog:chromeOptions: {debuggerAddress: localhost:52011}, javascriptEnabled: true, networkConnectionEnabled: false, pageLoadStrategy: normal, platform: WINDOWS, platformName: WINDOWS, proxy: Proxy(), setWindowRect: true, strictFileInteractability: false, timeouts: {implicit: 0, pageLoad: 300000, script: 30000}, unhandledPromptBehavior: dismiss and notify, webauthn:extension:largeBlob: true, webauthn:virtualAuthenticators: true}
Session ID: 64f4113fc91cc1de842713a6df5ae3d8
*** Element info: {Using=xpath, value=//div[text() = &apos;BHDR-GN-Handel&apos;]//ancestor::tr[contains(@class, &apos;MuiTableRow-root&apos;)]//button[@type=&apos;button&apos;]} expected [true] but found [false]
	at org.testng.asserts.SoftAssert.assertAll(SoftAssert.java:47)
	at org.testng.asserts.SoftAssert.assertAll(SoftAssert.java:31)
	at Utils.SeleniumUtils.ButtonKlick(SeleniumUtils.java:492)
	at TopZinsPortal.TZPSeveralUserGNAdminHandelsfreigabe.TZPSeveralUserAdminHandelsfreigabeGNTest(TZPSeveralUserGNAdminHandelsfreigabe.java:161)
	at java.base/jdk.internal.reflect.NativeMethodAccessorImpl.invoke0(Native Method)
	at java.base/jdk.internal.reflect.NativeMethodAccessorImpl.invoke(NativeMethodAccessorImpl.java:64)
	at java.base/jdk.internal.reflect.DelegatingMethodAccessorImpl.invoke(DelegatingMethodAccessorImpl.java:43)
	at java.base/java.lang.reflect.Method.invoke(Method.java:564)
	at org.testng.internal.MethodInvocationHelper.invokeMethod(MethodInvocationHelper.java:132)
	at org.testng.internal.TestInvoker.invokeMethod(TestInvoker.java:599)
	at org.testng.internal.TestInvoker.invokeTestMethod(TestInvoker.java:174)
	at org.testng.internal.MethodRunner.runInSequence(MethodRunner.java:46)
	at org.testng.internal.TestInvoker$MethodInvocationAgent.invoke(TestInvoker.java:822)
	at org.testng.internal.TestInvoker.invokeTestMethods(TestInvoker.java:147)
	at org.testng.internal.TestMethodWorker.invokeTestMethods(TestMethodWorker.java:146)
	at org.testng.internal.TestMethodWorker.run(TestMethodWorker.java:128)
	at java.base/java.util.ArrayList.forEach(ArrayList.java:1511)
	at org.testng.TestRunner.privateRun(TestRunner.java:764)
	at org.testng.TestRunner.run(TestRunner.java:585)
	at org.testng.SuiteRunner.runTest(SuiteRunner.java:384)
	at org.testng.SuiteRunner.runSequentially(SuiteRunner.java:378)
	at org.testng.SuiteRunner.privateRun(SuiteRunner.java:337)
	at org.testng.SuiteRunner.run(SuiteRunner.java:286)
	at org.testng.SuiteRunnerWorker.runSuite(SuiteRunnerWorker.java:53)
	at org.testng.SuiteRunnerWorker.run(SuiteRunnerWorker.java:96)
	at org.testng.TestNG.runSuitesSequentially(TestNG.java:1218)
	at org.testng.TestNG.runSuitesLocally(TestNG.java:1140)
	at org.testng.TestNG.runSuites(TestNG.java:1069)
	at org.testng.TestNG.run(TestNG.java:1037)
	at org.testng.remote.AbstractRemoteTestNG.run(AbstractRemoteTestNG.java:115)
	at org.testng.remote.RemoteTestNG.initAndRun(RemoteTestNG.java:251)
	at org.testng.remote.RemoteTestNG.main(RemoteTestNG.java:77)
</pre></div></td>
<td>31</td>
<td>TopZinsPortal.TZPSeveralUserGNAdminHandelsfreigabe@7c7b252e</td></tr>
</table><p>
<table width='100%' border='1' class='invocation-passed'>
<tr><td colspan='4' align='center'><b>PASSED TESTS</b></td></tr>
<tr><td><b>Test method</b></td>
<td width="30%"><b>Exception</b></td>
<td width="10%"><b>Time (seconds)</b></td>
<td><b>Instance</b></td>
</tr>
<tr>
<td title='TopZinsPortal.TZPSeveralUserGNAdminHandelsfreigabe.TZPSeveralUserAdminHandelsfreigabeGNTest()'><b>TZPSeveralUserAdminHandelsfreigabeGNTest</b><br>Test class: TopZinsPortal.TZPSeveralUserGNAdminHandelsfreigabe<br>Parameters: TZSUGN-TF-001, Ja, bhdr.gn.handel@gmail.com, Test12345!, Herr, TZP Serveral User, GN der Erste, TZPSeveralUserGN1@gmail.com, Test12345!, BHDR-GN-Handel, BHDR, 00496119738163, Dr., TZP.Serveral.User.gn.Handel, 01.01.1990</td>
<td></td>
<td>43</td>
<td>TopZinsPortal.TZPSeveralUserGNAdminHandelsfreigabe@7c7b252e</td></tr>
<tr>
<td title='TopZinsPortal.TZPSeveralUserGNAdminHandelsfreigabe.TZPSeveralUserAdminHandelsfreigabeGNTest()'><b>TZPSeveralUserAdminHandelsfreigabeGNTest</b><br>Test class: TopZinsPortal.TZPSeveralUserGNAdminHandelsfreigabe<br>Parameters: TZSUGN-TF-002, Ja, bhdr.gn.handel@gmail.com, Test12345!, Frau, TZP Serveral User, GN der Zweite, TZPSeveralUserGN2@gmail.com, Test12345!, BHDR-GN-Handel, BHDR, 0049-611-97381-63, , TZP.Serveral.User.gn.Handel, 01.01.1990</td>
<td></td>
<td>31</td>
<td>TopZinsPortal.TZPSeveralUserGNAdminHandelsfreigabe@7c7b252e</td></tr>
</table><p>
</body>
</html>