<?xml version="1.0" encoding="UTF-8"?>
<!-- Generated by org.testng.reporters.JUnitXMLReporter -->
<testsuite ignored="0" hostname="forsa-vm31" failures="3" tests="6" name="TZP-Serveral-User-Mails-Lesen-GN" time="50.517" errors="0" timestamp="2021-07-16T09:14:10 CEST">
  <testcase classname="TopZinsPortal.TZPCheckEMailsSeveralUserGN" name="TZPCheckEMailSeveralUserGNTest" time="4.514"/>
  <testcase classname="TopZinsPortal.TZPCheckEMailsSeveralUserGN" name="TZPCheckEMailSeveralUserGNTest" time="23.472">
    <failure type="java.lang.AssertionError" message="The following asserts failed:
	expected [true] but found [false]">
      <![CDATA[java.lang.AssertionError: The following asserts failed:
expected [true] but found [false]
at TopZinsPortal.TZPCheckEMailsSeveralUserGN.TZPCheckEMailSeveralUserGNTest(TZPCheckEMailsSeveralUserGN.java:125)
at java.base/java.util.ArrayList.forEach(ArrayList.java:1511)
... Removed 29 stack frames]]>
    </failure>
  </testcase> <!-- TZPCheckEMailSeveralUserGNTest -->
  <testcase classname="TopZinsPortal.TZPCheckEMailsSeveralUserGN" name="TZPCheckEMailSeveralUserGNTest" time="4.505"/>
  <testcase classname="TopZinsPortal.TZPCheckEMailsSeveralUserGN" name="TZPCheckEMailSeveralUserGNTest" time="4.503"/>
  <testcase classname="TopZinsPortal.TZPCheckEMailsSeveralUserGN" name="TZPCheckEMailSeveralUserGNTest" time="8.395">
    <failure type="java.lang.AssertionError" message="The following asserts failed:
	expected [true] but found [false]">
      <![CDATA[java.lang.AssertionError: The following asserts failed:
expected [true] but found [false]
at TopZinsPortal.TZPCheckEMailsSeveralUserGN.TZPCheckEMailSeveralUserGNTest(TZPCheckEMailsSeveralUserGN.java:125)
at java.base/java.util.ArrayList.forEach(ArrayList.java:1511)
... Removed 29 stack frames]]>
    </failure>
  </testcase> <!-- TZPCheckEMailSeveralUserGNTest -->
  <testcase classname="TopZinsPortal.TZPCheckEMailsSeveralUserGN" name="TZPCheckEMailSeveralUserGNTest" time="4.514">
    <failure type="java.lang.AssertionError" message="The following asserts failed:
	expected [true] but found [false]">
      <![CDATA[java.lang.AssertionError: The following asserts failed:
expected [true] but found [false]
at TopZinsPortal.TZPCheckEMailsSeveralUserGN.TZPCheckEMailSeveralUserGNTest(TZPCheckEMailsSeveralUserGN.java:125)
at java.base/java.util.ArrayList.forEach(ArrayList.java:1511)
... Removed 29 stack frames]]>
    </failure>
  </testcase> <!-- TZPCheckEMailSeveralUserGNTest -->
</testsuite> <!-- TZP-Serveral-User-Mails-Lesen-GN -->
